TITLE: Bill of Materials
DATE: 06/03/2025
DESIGN: rvp_ptl_uph_lp5x_t4_fab1
TEMPLATE: c:\cadence\spb_23.1\share\cdssetup\template.bom
CALLOUT: bom.callouts

Part Name,Ref Des,Qty,Unit Price,Cost
"C_74AVC1T45_LCC-H98447-001,IC,74AVC1T45GM,TK0,GENERIC","U1W1,U6A2,U9F2",3,?,?
"C_74AVC4T774_LCC-G25690-002,IC,74AVC4T774GU,TK1,GENERIC","U1L2,U2G2,U5A1,U7B1,U7C1,U7J1,U8A1,U8J1",8,?,?
"C_ALC722_LCC-N29351-001,IC,ALC722-CG,TK1,GENERIC",EU5J1,1,?,?
"C_AP7366EA_SOT25-N39990-001,IC,AP7366EA-W5-7,TK0,GENERIC",U2W5,1,?,?
"C_AUDIO_4POLE_8P_TH-K95607-001,CON,AUDIO_4POLE_8P,TK0,GENERIC",J5J2,1,?,?
"C_B2B_1X12_2EM_SM-H30105-001,CON,B2B_1X12_2EM,TK0,GENERIC",J9H1,1,?,?
"C_B2B_1X20_4EM_SM-M44117-001,CON,B2B_1X20_4EM,TK0,GENERIC","J5B2,J6B2",2,?,?
"C_B2B_1X28_2EM_SM-H24635-001,CON,B2B_1X28_2EM,TK0,GENERIC",J2W2,1,?,?
"C_B2B_1X60_27EM_SM-K22036-001,CON,B2B_1X60_27EM,TK1,GENERIC",J5A1,1,?,?
"C_B2B_1X6_2EM_SM-H24575-001,CON,B2B_1X6_2EM,TK0,GENERIC",J2W1,1,?,?
"C_B2B_2X12_4EM_SM-G90173-001,CON,B2B_2X12_4EM,TK1,GENERIC",J7J3,1,?,?
"C_B2B_2X25_4EM_SM-M50067-001,EMPTY,B2B_2X25_4EM,TK0,GENERIC",J9N1,1,?,?
"C_B2B_2X30_2EM_SM-N21066-001,CON,B2B_2X30_2EM,TK0,GENERIC","J9B1,J9C1",2,?,?
"C_B2B_2X50_NEVO_SM-D10221-001,CON,B2B_2X50_NEVO,TK0,GENERIC",J4J1,1,?,?
"C_BALUN_2012-N34495-001,IC,BALUN,TK0,GENERIC",U9A2,1,?,?
"C_BAT54C_SOT323-D20454-001,DIO,BAT54CW,200MA,TK0,GENERIC","CR2B1,CR3B1,CR9W1",3,?,?
"C_BAT54_SOT23-C83455-001,DIO,BAT54,0.2A,TK0,GENERIC","CR8V1,CR8V2,CR9A1",3,?,?
"C_BATT_HLDR_3P_TH-M24536-001,IC,BATT_HLDR_3P,TK0,GENERIC",XJ2B2,1,?,?
"C_CAPP_3528-724613-145,TANT,330UF,2.5V,20%,TK0,GENERIC","C3C16,C3N5",2,?,?
"C_CAPP_3528-H86771-001,TANT,220UF,6.3V,20%,TK0,GENERIC","C7G8,C7G10,C7G11,C7H1,C7H2,C7H5",6,?,?
"C_CAPP_3528-H99638-002,EMPTY,22UF,25V,20%,TK0,GENERIC",C6C7,1,?,?
"C_CAPP_3528-H99638-002,TANT,22UF,25V,20%,TK0,GENERIC","C2B5,C3B7,C3B8,C4C1,C4C2,C5C1-C5C3",8,?,?
"C_CAPP_3528-M14341-001,EMPTY,15UF,35V,20%,TK0,GENERIC",C2A1,1,?,?
"C_CAPP_3528-M14341-001,TANT,15UF,35V,20%,TK0,GENERIC",C2M1,1,?,?
"C_CAPP_7343-699013-068,ALUM,330UF,4V,20%,TK0,GENERIC","C3D2,C3D3,C3D10,C4D6,C5D2,C5D3",6,?,?
"C_CAPP_7343-699013-068,EMPTY,330UF,4V,20%,TK0,GENERIC","C2D2,C4D7,C5D1,C6D1",4,?,?
"C_CAPP_7343-724613-024,POLY,220UF,10V,20%,TK0,GENERIC","C1R8,C1T6,C8L3,C8V3",4,?,?
"C_CAPP_7343-H97831-002,POLY,150UF,16V,20%,TK0,GENERIC",C3A1,1,?,?
"C_CAP_0201-C83410-014,X5R,0.1UF,10V,10%,TK0,GENERIC","C1E11,C1F2,C1G7,C1P1,C1R3,C1T5,C3C2,C3D16,C3P2",9,?,?
"C_CAP_0201-C83410-015,EMPTY,1UF,6.3V,10%,TK0,GENERIC",C3R20,1,?,?
"C_CAP_0201-C83410-015,X5R,1UF,6.3V,10%,TK0,GENERIC","C2E13,C3R13,C3R16,C3R25,C4R17,C4R29,C4R47-C4R50,C4R57-C4R60,C4R67,C4R76-C4R80,C4R82-C4R91",30,?,?
"C_CAP_0201-C83410-016,X5R,0.22UF,10V,20%,TK0,GENERIC","C6T4,C6T5,C8C5,C8C6,C8C8,C8C9,C8E13-C8E20",14,?,?
"C_CAP_0201-C83410-025,X5R,1UF,10V,20%,TK0,GENERIC","C2U2,C2U3,C2U5,C2U9-C2U11,C3U1,C3U3-C3U8,C3U10,C3U11,C3U13-C3U15,C3U23-C3U31,C3U33-C3U37,C4U2,C4U4-C4U9,C4U12,C4U13,C4U21,C4U22,C4U25-C4U35,C5U1,C5U4,C5U5,C5U8,C5U9,C5U12,C5U14-C5U16,C5U18",64,?,?
"C_CAP_0201-C83410-027,EMPTY,0.1UF,25V,10%,TK0,GENERIC","C4A7,C4A8,C5L2,C5L4",4,?,?
"C_CAP_0201-C83410-027,X5R,0.1UF,25V,10%,TK0,GENERIC","C1E6,C1E7,C1E10,C1F1,C1F19,C1G1,C1L2,C1L3,C1L5,C1L8,C2G1,C2G2,C2N5,C2N6,C3C17,C3C19,C3M6-C3M9,C3R14,C4C25,C4M22,C4M23,C4M26,C4M29,C5C25-C5C27,C5F6,C5F10,C5G13,C5G15,C5G17,C5H5,C6A3,C6A4,C6A9,C6A10,C6A17,C6A18,C6B1,C6B2,C7A2,C7A3,C7A5,C7A6,C7G7",48,?,?
"C_CAP_0201-C83410-061,X5R,0.22UF,25V,10%,TK0,GENERIC","C6C12,C6C13,C6C20-C6C25,C7R1,C7R2,C8R2-C8R7,C9D16,C9D18,C9D20,C9D22,C9D25,C9D26,C9D28,C9D30,C9F7,C9F9,C9F12,C9F13,C9F16,C9F18,C9F20,C9F21",32,?,?
"C_CAP_0201-D70542-029,EMPTY,15PF,50V,5%,TK0,GENERIC","C4T4,C4T6,C4T7",3,?,?
"C_CAP_0201-D70542-032,EMPTY,100PF,50V,5%,TK0,GENERIC","C6G2,C6G3",2,?,?
"C_CAP_0201-D70542-045,EMPTY,3PF,50V,0.1PF,TK0,GENERIC","C3T1,C4T5,C4T8",3,?,?
"C_CAP_0201-D70542-080,C0G,18PF,50V,5%,TK0,GENERIC","C9D13,C9D14,C9F2,C9F3",4,?,?
"C_CAP_0201-D70542-146,C0G,13PF,50V,2%,TK0,GENERIC","C2E6,C2E8",2,?,?
"C_CAP_0201-D70542-193,NPO,9PF,50V,0.5PF,TK0,GENERIC","C3E1,C3E2",2,?,?
"C_CAP_0201-H14773-002,X5R,2.2UF,6.3V,20%,TK0,GENERIC","C3R17,C3R38,C3R39,C7J8,C9E9,C9P7-C9P13,C9P15-C9P18,C9P20,C9T2,C9T5-C9T7,C9T9,C9T11,C9T12,C9T14-C9T17,C9T19",29,?,?
"C_CAP_0201-H62770-001,EMPTY,10PF,50V,2%,TK0,GENERIC","C3R41,C3R42,C4R2,C4R5,C4R8,C4R34-C4R36,C4R75",9,?,?
"C_CAP_0201-J96611-001,X5R,0.33UF,25V,10%,TK0,GENERIC","C1E8,C1E9,C1G2,C1G3",4,?,?
"C_CAP_0402-A36094-025,C0G,10PF,50V,5%,TK0,GENERIC","C1J1,C1J3,C2L2,C5V4",4,?,?
"C_CAP_0402-A36094-025,EMPTY,10PF,50V,5%,TK0,GENERIC","C5H10-C5H15,C5H18,C5H19",8,?,?
"C_CAP_0402-A36094-037,C0G,4.7PF,50V,0.25PF,TK0,GENERIC","C7B6,C7F14",2,?,?
"C_CAP_0402-A36094-042,C0G,1.5PF,50V,0.25PF,TK0,GENERIC","C9A2,C9A3",2,?,?
"C_CAP_0402-A36094-042,EMPTY,1.5PF,50V,0.25PF,TK0,GENERIC",C6T1,1,?,?
"C_CAP_0402-A36095-005,EMPTY,20PF,50V,5%,TK0,GENERIC","C1G5,C1G6,C5W1,C5W2",4,?,?
"C_CAP_0402-A36095-012,C0G,100PF,50V,5%,TK0,GENERIC",C4N16,1,?,?
"C_CAP_0402-A36095-025,C0G,47PF,50V,5%,TK0,GENERIC",C2H2,1,?,?
"C_CAP_0402-A36095-025,EMPTY,47PF,50V,5%,TK0,GENERIC","C2W2,C5B11-C5B14,C5B16,C5B19,C5B20,C6B6-C6B9,C6B11,C6B12,C6M3,C7W1-C7W6,C8V6-C8V9,C9D6,C9D7,C9E14,C9E15",29,?,?
"C_CAP_0402-A36095-025,EMPTY,47PF,50V,5%,TK2,GENERIC","C1E3,C1E4,C2E1,C2E4",4,?,?
"C_CAP_0402-A36095-026,C0G,100PF,50V,5%,TK0,GENERIC","C5J23,C5J24,C5J26,C5J27,C6J1,C9N8",6,?,?
"C_CAP_0402-A36095-026,EMPTY,100PF,50V,5%,TK0,GENERIC","C2F1,C2J4,C2M2,C2N4,C3U38,C4B1-C4B5,C4M1-C4M8,C4M10,C4M20,C4M28,C4N1,C4N17-C4N19,C5B1-C5B7,C5B9,C5B15,C5M2-C5M8,C5V10,C7W8,C7W9,C8M3,C9P5,C9V1,C9V2",48,?,?
"C_CAP_0402-A36095-030,C0G,22PF,50V,5%,TK0,GENERIC","C6H4,C9H9,C9H10",3,?,?
"C_CAP_0402-A36095-030,EMPTY,22PF,50V,5%,TK0,GENERIC","C8G9,C9N1",2,?,?
"C_CAP_0402-A36095-031,C0G,33PF,50V,5%,TK0,GENERIC","C6U3,C7U4",2,?,?
"C_CAP_0402-A36095-031,EMPTY,33PF,50V,5%,TK2,GENERIC","C6A13,C6A14",2,?,?
"C_CAP_0402-A36095-038,EMPTY,27PF,50V,5%,TK0,GENERIC","C2E7,C2F2,C2F3",3,?,?
"C_CAP_0402-A36095-043,C0G,12PF,50V,5%,TK0,GENERIC","C2T2,C2T3,C2U6,C2U7,C3T2-C3T7,C3U17,C3U20,C3U21,C4T10,C4U16,C4U18,C4U19,C5U10",18,?,?
"C_CAP_0402-A36095-044,EMPTY,150PF,50V,5%,TK0,GENERIC",C2E16,1,?,?
"C_CAP_0402-A36095-050,EMPTY,1000PF,50V,5%,TK0,GENERIC",C9N13,1,?,?
"C_CAP_0402-A36096-002,X7R,220PF,50V,10%,TK0,GENERIC",C9N6,1,?,?
"C_CAP_0402-A36096-003,EMPTY,470PF,50V,10%,TK0,GENERIC","C9V5,C9V6,C9W5,C9W6",4,?,?
"C_CAP_0402-A36096-003,X7R,470PF,50V,10%,TK0,GENERIC","C1R9,C1U1,C8H2,C8L2",4,?,?
"C_CAP_0402-A36096-013,X7R,330PF,50V,10%,TK0,GENERIC","C3A11,C4A11",2,?,?
"C_CAP_0402-A36096-015,EMPTY,680PF,50V,10%,TK0,GENERIC",C5B18,1,?,?
"C_CAP_0402-A36096-019,X7R,0.033UF,16V,10%,TK0,GENERIC","C6U13,C9N9",2,?,?
"C_CAP_0402-A36096-027,EMPTY,1UF,6.3V,10%,TK0,GENERIC",C4M11,1,?,?
"C_CAP_0402-A36096-027,X5R,1UF,6.3V,10%,TK0,GENERIC",C2E15,1,?,?
"C_CAP_0402-A36096-030,EMPTY,0.1UF,16V,10%,TK0,GENERIC","C2W5,C2W15,C4L1",3,?,?
"C_CAP_0402-A36096-030,X7R,0.1UF,16V,10%,TK0,GENERIC",C6F1,1,?,?
"C_CAP_0402-A36096-043,EMPTY,0.1UF,10V,10%,TK0,GENERIC","C2H4,C4G1,C4M14,C5F11,C5G10,C5H2,C6G10,C7F13",8,?,?
"C_CAP_0402-A36096-043,X5R,0.1UF,10V,10%,TK0,GENERIC","C1F18,C1G4,C1H1,C1H2,C1L12-C1L15,C1M5,C1P4,C1R5,C1R11,C1R14,C1V2,C1W1,C1W2,C1W6,C2B3,C2B4,C2G3,C2G4,C2H1,C2H5,C2M9,C2V2,C2V4,C2W13,C4B8-C4B11,C4H2,C4H3,C5A1,C5A2,C5A7-C5A11,C5A13-C5A15,C5A17-C5A20,C5B8,C5M10,C5M13,C5M19,C5V7,C6A5,C6A7,C6A8,C6B3,C6B4,C6F13,C6G4,C6G6,C6G9,C6M2,C6M4,C6M9,C6N2,C6V3,C7B1,C7B2,C7B8,C7B14-C7B17,C7B19,C7C1-C7C3,C7D9,C7D10,C7D15,C7D16,C7F4,C7F5,C7F15,C7G4-C7G6,C7J6,C7J11,C7M6,C7N3,C7N6,C7N8,C7W10,C8A1,C8A2,C8B7,C8D1-C8D3,C8E3,C8E4,C8E7,C8E8,C8H1,C8H3-C8H5,C8J8,C8J9,C8L1,C8M7,C8N5,C8P1,C8P4,C8P5,C8P7-C8P9,C8P16,C8T1,C8V2,C8W1,C8W2,C9H3-C9H5,C9H7,C9R1-C9R4,C9V3,C9V4,C9V7-C9V9,C9W3",138,?,?
"C_CAP_0402-A36096-043,X5R,0.1UF,10V,10%,TK2,GENERIC",C6A1,1,?,?
"C_CAP_0402-A36096-045,EMPTY,0.01UF,25V,10%,TK0,GENERIC","C1M3,C2M5,C5M11",3,?,?
"C_CAP_0402-A36096-045,X7R,0.01UF,25V,10%,TK0,GENERIC","C1M2,C1R10,C2M3,C4A5,C6U5,C6U16,C7P3,C7U3,C8E12,C8G1,C8N1,C8P13,C9E10,C9N3,C9N14,C9N15",16,?,?
"C_CAP_0402-A36096-046,EMPTY,1000PF,50V,10%,TK0,GENERIC","C1F8,C8B6",2,?,?
"C_CAP_0402-A36096-046,X7R,1000PF,50V,10%,TK0,GENERIC","C2L8,C4N2,C4N3,C5H9,C5V2,C5V3,C6H6,C9P3,C9R8",9,?,?
"C_CAP_0402-A36096-066,EMPTY,4700PF,50V,10%,TK0,GENERIC","C3A8,C6U9",2,?,?
"C_CAP_0402-A36096-075,EMPTY,2200PF,50V,10%,TK0,GENERIC","C1L10,C5G5,C5H7,C5J2,C6F8",5,?,?
"C_CAP_0402-A36096-075,X7R,2200PF,50V,10%,TK0,GENERIC","C2M8,C2W1,C4V4,C5A16,C5B10,C5J19,C5M18,C5V8,C6B5,C6M7,C6N1,C7F1,C7F2,C7F10,C7F16,C7N7,C8B3,C8E1,C8M6,C8P6,C8P15,C8U4,C9B9,C9E6,C9J1",25,?,?
"C_CAP_0402-A36096-078,EMPTY,0.22UF,10V,10%,TK0,GENERIC","C2J3,C2L4,C2L5,C4M9,C8P10",5,?,?
"C_CAP_0402-A36096-078,X5R,0.22UF,10V,10%,TK0,GENERIC","C1R4,C4J2,C5J10,C7F3,C7J1",5,?,?
"C_CAP_0402-A36096-089,X7R,0.022UF,25V,10%,TK0,GENERIC","C2L6,C3B6,C4A10,C4B7,C9N4",5,?,?
"C_CAP_0402-A36096-099,X5R,1UF,10V,10%,TK0,GENERIC","C4C23,C8E2,C8P3,C9P2,C9R5,C9W4",6,?,?
"C_CAP_0402-A36096-100,EMPTY,0.01UF,50V,10%,TK0,GENERIC","C9N5,C9N12",2,?,?
"C_CAP_0402-A36096-100,X7R,0.01UF,50V,10%,TK0,GENERIC","C2L1,C9C1",2,?,?
"C_CAP_0402-A36096-107,X5R,4.7UF,6.3V,20%,TK0,GENERIC","C3P3,C5M9,C5M15,C6M1,C6M5",5,?,?
"C_CAP_0402-A36096-109,EMPTY,2.2UF,10V,20%,TK0,GENERIC",C1R2,1,?,?
"C_CAP_0402-A36096-109,X5R,2.2UF,10V,20%,TK0,GENERIC","C1F6,C1F12,C2E14,C4N11,C6U7,C8G8,C8G10",7,?,?
"C_CAP_0402-A36096-112,EMPTY,0.1UF,25V,10%,TK0,GENERIC","C1J4,C1L6,C1L9,C2H3,C2H6,C2L9,C2L11,C2M7,C4A2-C4A4,C4B12,C4D4,C4L2,C4M13,C4M24,C4M25,C4M27,C4M30,C4N15,C4V3,C5F5,C5G16,C5H6,C5L1,C5L3,C5M1,C5V1,C6A6,C6A11,C6A12,C6A15,C6F2,C6F9,C6G5,C6T2,C6U14,C7A4,C7A7,C7G1,C7H27,C7J2,C7J4,C8F8,C8G6,C8T2,C8U1",47,?,?
"C_CAP_0402-A36096-112,X7R,0.1UF,25V,10%,TK0,GENERIC","C1E1,C1E2,C1E5,C1J2,C1J7,C1L1,C1M4,C1N3,C1R1,C1R6,C1R7,C1T1,C1U2,C1V1,C1W3,C1W4,C1W7-C1W10,C2E2,C2E3,C2E5,C2J1,C2J5,C2J6,C2M4,C2R1,C2T1,C2V1,C2V3,C2W3,C2W7,C2W8,C2W10,C2W11,C2W14,C2W16,C2W22,C3G1,C3G2,C3H1-C3H3,C3L1,C3M2,C3V1-C3V3,C3W1,C3W2,C4A6,C4C9,C4C15,C4H1,C4H4,C4M12,C4M16-C4M18,C4M21,C4N4,C4V5,C5A3,C5F7,C5F9,C5G6,C5G8,C5G12,C5G14,C5H1,C5J21,C5M12,C5U13,C5V9,C5V11,C6A2,C6A16,C6B13,C6C3-C6C6,C6C8,C6F10,C6G8,C6G11,C6M11,C6U4,C6W2-C6W5,C7A1,C7B7,C7B18,C7C5,C7C8-C7C10,C7C13,C7C14,C7C16,C7D19,C7F7,C7F9,C7G9,C7H6,C7H9,C7H17,C7H21,C7N5,C7P2,C7U2,C7W7,C8B4,C8B9,C8C1,C8C3,C8C4,C8E11,C8H6,C8J1,C8J2,C8J5,C8L4,C8P14,C8V4,C9B2,C9B6,C9D1,C9D3,C9E4,C9E8,C9F23,C9F24,C9G1,C9H8,C9L1,C9P1,C9R6",141,?,?
"C_CAP_0402-A36096-112,X7R,0.1UF,25V,10%,TK2,GENERIC","C8U6,C9A1,C9W1",3,?,?
"C_CAP_0402-A36096-114,EMPTY,10UF,6.3V,20%,TK0,GENERIC","C2E10,C2H7,C2M10,C3P10,C3P11,C3P13,C3P17-C3P21,C3R1,C3R2,C4R3,C4R4,C4R7,C4R9,C4R16,C4R25,C4R26,C4R66,C5E1,C5F1,C5F2,C5R9,C6M10,C7F18,C7N4",28,?,?
"C_CAP_0402-A36096-114,X5R,10UF,6.3V,20%,TK0,GENERIC","C2E9,C2V6,C3R18,C3R19,C3R28,C3R29,C3R31-C3R34,C3R36,C3R37,C3R40,C4R6,C4R10-C4R15,C4R18,C4R19,C4R23,C4R27,C4R28,C4R37,C4R38,C4R41-C4R46,C4R52,C4R53,C4R55,C4R56,C4R64,C4R65,C4R71-C4R74,C4R81,C4T1-C4T3,C6W1,C7F6,C7F8,C9B7,C9J2,C9P6,C9T1",54,?,?
"C_CAP_0402-A36096-116,EMPTY,0.047UF,16V,10%,TK0,GENERIC",C9B8,1,?,?
"C_CAP_0402-A36096-116,X7R,0.047UF,16V,10%,TK0,GENERIC","C2L3,C3P5",2,?,?
"C_CAP_0402-A36096-125,X5R,10UF,10V,20%,TK0,GENERIC","C2U1,C2U4,C2U8,C3U2,C3U9,C3U12,C3U22,C3U32,C4U1,C4U3,C4U10,C4U11,C4U14,C5U6,C5U7,C5U17,C7J14,C8B2",18,?,?
"C_CAP_0402-A36096-126,X7R,0.022UF,50V,10%,TK0,GENERIC",C4C16,1,?,?
"C_CAP_0402-A36096-127,X5R,0.22UF,25V,10%,TK0,GENERIC",C5B21,1,?,?
"C_CAP_0402-A36096-130,EMPTY,1UF,25V,20%,TK0,GENERIC","C4V1,C5H20,C5J16,C5V5,C6C11,C7F11",6,?,?
"C_CAP_0402-A36096-130,X5R,1UF,25V,20%,TK0,GENERIC","C1L4,C1L7,C2C3,C2J2,C2L10,C2W19,C2W20,C3A7,C3C6,C3C7,C3D8,C3P4,C4A1,C4C10,C4C11,C4H5,C4L3,C4L4,C5A12,C5C10-C5C12,C5H3,C5M17,C6B14,C6M8,C7C7,C7J9,C7J12,C8B8,C8V10,C9D2",32,?,?
"C_CAP_0402-A36096-130,X5R,1UF,25V,20%,TK2,GENERIC",C2M13,1,?,?
"C_CAP_0402-A36096-134,X5R,4.7UF,10V,20%,TK0,GENERIC","C2H8,C3L3,C3L10,C7H16,C7J3,C9H6",6,?,?
"C_CAP_0402-A36096-159,EMPTY,22UF,6.3V,20%,TK0,GENERIC",C5A6,1,?,?
"C_CAP_0402-A36096-159,X5R,22UF,6.3V,20%,TK0,GENERIC","C1R12,C2F4,C3N11,C3P1,C4R24,C5A4,C5A5,C8V5,C9D4,C9D5,C9D8-C9D11,C9E11-C9E13,C9E16-C9E18,C9W2",21,?,?
"C_CAP_0402-A36096-160,EMPTY,0.1UF,50V,10%,TK0,GENERIC","C3L12,C3L13",2,?,?
"C_CAP_0402-A36096-160,X7R,0.1UF,50V,10%,TK0,GENERIC","C1F15,C2L7,C2L12,C2M12,C2W4,C2W9,C2W17,C2W18,C3A9,C3M5,C4B6,C4C24,C4N7,C4N12,C6B15-C6B17,C6U6,C7H22,C7H23,C8G7",21,?,?
"C_CAP_0402-A36096-204,X5R,4.7UF,16V,20%,TK0,GENERIC",C5B22,1,?,?
"C_CAP_0402-A36096-230,X5R,0.1UF,6.3V,10%,TK0,GENERIC","C8E10,C8P12",2,?,?
"C_CAP_0402-A36096-240,X7R,0.01UF,100V,10%,TK0,GENERIC","C9D24,C9D27,C9F11,C9F14,C9P14,C9P24,C9T4,C9T18",8,?,?
"C_CAP_0402-C50295-001,X7R,0.01UF,16V,10%,TK0,GENERIC",C4N5,1,?,?
"C_CAP_0402-E24654-001,EMPTY,2200PF,25V,10%,TK0,GENERIC",C6U12,1,?,?
"C_CAP_0402-G27060-002,EMPTY,0.1UF,25V,10%,TK0,GENERIC","C1F4,C1F13,C1F16,C1W5,C6C18",5,?,?
"C_CAP_0402-G27060-002,EMPTY,0.1UF,25V,10%,TK2,GENERIC",C7J5,1,?,?
"C_CAP_0402-G27060-002,X5R,0.1UF,25V,10%,TK0,GENERIC","C1F7,C1R13,C2C7,C2V5,C2W12,C3C12,C3C14,C4C20,C4C21,C5C19,C5C20,C5C22,C5H16,C5J1,C5J6,C5J12,C5J20,C5W3,C7H15,C7T1,C7U1,C8N9,C8U7,C9A4,C9B1,C9B3-C9B5,C9B10,C9C2-C9C5,C9M1,C9M2,C9N16,C9N17",37,?,?
"C_CAP_0402-G27060-002,X5R,0.1UF,25V,10%,TK2,GENERIC","C7J10,C7J13,C8J3,C8J4,C8J6,C8J7",6,?,?
"C_CAP_0402-G65743-002,EMPTY,0.047UF,25V,10%,TK0,GENERIC",C9N11,1,?,?
"C_CAP_0402-G71842-007,X7S,1UF,16V,10%,TK0,GENERIC","C8B1,C8B5",2,?,?
"C_CAP_0402-G91135-001,EMPTY,2.2UF,10V,10%,TK0,GENERIC",C6C15,1,?,?
"C_CAP_0402-G91135-001,X7S,2.2UF,10V,10%,TK0,GENERIC","C2C4,C3C8,C3C10,C4C14,C5C13,C5C14,C5C16,C6C14",8,?,?
"C_CAP_0402-H71104-001,C0G,2.2PF,50V,0.1PF,TK2,GENERIC","C3U16,C3U18,C3U19,C4T9,C4T11-C4T16,C4U15,C4U17,C4U20,C4U23,C4U24,C5T1,C5T2,C5U11",18,?,?
"C_CAP_0402-H87713-001,X5R,2.2UF,25V,10%,TK0,GENERIC","C9P4,C9R7",2,?,?
"C_CAP_0402-H96114-003,EMPTY,330PF,100V,5%,TK0,GENERIC","C9P19,C9P21,C9T3,C9T8",4,?,?
"C_CAP_0402-M78727-001,EMPTY,4.7UF,25V,20%,TK0,GENERIC",C5M14,1,?,?
"C_CAP_0402-M80340-001,X5R,0.220UF,63V,10%,TK0,GENERIC","C9D21,C9D23,C9D29,C9E1,C9F8,C9F10,C9F15,C9F17,C9G2,C9G3",10,?,?
"C_CAP_0402-M80340-002,X5R,0.330UF,63V,10%,TK0,GENERIC","C9D17,C9D19,C9E2,C9E3,C9F4,C9F5,C9F19,C9F22",8,?,?
"C_CAP_0603-108425-108,C0G,470PF,50V,5%,TK0,GENERIC","C1F14,C8U2,C8U3,C8U5,C8U8,C8V1",6,?,?
"C_CAP_0603-108426-207,EMPTY,10UF,25V,20%,TK0,GENERIC","C2E11,C6C9,C6C10,C6N3,C6N4",5,?,?
"C_CAP_0603-108426-207,X5R,10UF,25V,20%,TK0,GENERIC","C1L11,C2C1,C2C2,C2N1,C2N2,C3C1,C3C3-C3C5,C3N1-C3N4,C4C4,C4C5,C4C7,C4C8,C4N9,C4N10,C4N13,C4N14,C5C4-C5C9,C5N1-C5N6,C8C7,C8N8,C9N10",36,?,?
"C_CAP_0603-202297-009,X7R,0.47UF,50V,10%,TK0,GENERIC","C3L5,C3L11,C4A9",3,?,?
"C_CAP_0603-602433-061,X7R,0.1UF,50V,10%,TK0,GENERIC","C6H3,C7B3,C7G2",3,?,?
"C_CAP_0603-602433-075,EMPTY,10UF,6.3V,20%,TK0,GENERIC",C6U10,1,?,?
"C_CAP_0603-602433-075,X5R,10UF,6.3V,20%,TK0,GENERIC",C6U8,1,?,?
"C_CAP_0603-602433-076,X7R,0.047UF,50V,10%,TK0,GENERIC",C9N2,1,?,?
"C_CAP_0603-602433-079,X5R,2.2UF,16V,10%,TK0,GENERIC","C5J11,C5J13",2,?,?
"C_CAP_0603-602433-081,EMPTY,22UF,6.3V,20%,TK0,GENERIC","C2P1,C2P2,C3D1,C3D4-C3D7,C3D11-C3D14,C3P6-C3P9,C3P14-C3P16,C3P23,C3R3-C3R11,C3R15,C4D11,C4D16,C4D23,C4P4,C4P5,C4R68-C4R70,C5P1,C5P2,C5R1-C5R8",47,?,?
"C_CAP_0603-602433-081,X5R,22UF,6.3V,20%,TK0,GENERIC","C2E17,C2E18,C3D15,C3D17,C3D18,C3P12,C3P22,C3R12,C3R21-C3R24,C3R26,C3R27,C3R30,C3R35,C4D12-C4D14,C4D17-C4D22,C4P6-C4P8,C4R1,C4R20-C4R22,C4R30-C4R33,C4R39,C4R40,C4R51,C4R54,C4R61-C4R63",43,?,?
"C_CAP_0603-602433-083,X5R,0.47UF,25V,10%,TK0,GENERIC","C5B23,C5J18",2,?,?
"C_CAP_0603-602433-086,EMPTY,10UF,10V,20%,TK0,GENERIC","C4V2,C5J14,C5V6,C6U15,C7F12,C7N1",6,?,?
"C_CAP_0603-602433-086,X5R,10UF,10V,20%,TK0,GENERIC","C2W6,C2W21,C4J1,C4W1,C4W2,C5A21,C5B17,C5M16,C6B10,C6M6,C6U11,C6V1,C6V2,C8E5,C8E6,C8P2,C8R1,C8U9",18,?,?
"C_CAP_0603-602433-096,X5R,4.7UF,16V,20%,TK0,GENERIC","C5J15,C5J25",2,?,?
"C_CAP_0603-602433-098,EMPTY,10UF,16V,20%,TK0,GENERIC",C9M3,1,?,?
"C_CAP_0603-602433-098,EMPTY,10UF,16V,20%,TK2,GENERIC","C1M6,C1N5-C1N7,C1P2,C1P5-C1P7,C2N3,C2P3",10,?,?
"C_CAP_0603-602433-098,X5R,10UF,16V,20%,TK0,GENERIC","C5H17,C5H21,C5J3,C5J5,C5J9,C5J17,C5J22,C7J7,C9M4,C9N18,C9N19",11,?,?
"C_CAP_0603-602433-101,X5R,4.7UF,25V,20%,TK0,GENERIC","C2E12,C4C13,C5J4",3,?,?
"C_CAP_0603-602433-107,X5R,4.7UF,35V,10%,TK0,GENERIC",C3L4,1,?,?
"C_CAP_0603-602433-109,X5R,47UF,6.3V,20%,TK0,GENERIC","C3C22,C3N7-C3N10,C4D3,C4P3,C9D12,C9D15,C9F1,C9F6",11,?,?
"C_CAP_0603-602433-130,EMPTY,0.22UF,50V,10%,TK0,GENERIC",C6C19,1,?,?
"C_CAP_0603-602433-130,X7R,0.22UF,50V,10%,TK0,GENERIC","C2C8,C3C13,C3C15,C4C22,C5C21,C5C23,C5C24,C6C17,C8N3,C8N10",10,?,?
"C_CAP_0603-602433-134,X7R,0.47UF,25V,10%,TK0,GENERIC",C2H9,1,?,?
"C_CAP_0603-603269-013,EMPTY,2200PF,50V,10%,TK0,GENERIC","C1F17,C2B1,C3B3,C4C19,C6F12,C7H8,C7H13,C8G5",8,?,?
"C_CAP_0603-603269-015,EMPTY,3300PF,50V,10%,TK0,GENERIC",C3C9,1,?,?
"C_CAP_0603-603269-068,X7R,2.2UF,10V,10%,TK0,GENERIC","C6H1,C6H5,C7B4,C7B10,C7F17,C8F6",6,?,?
"C_CAP_0603-603275-182,C0G,1200PF,50V,5%,TK0,GENERIC",C9N7,1,?,?
"C_CAP_0603-603275-198,EMPTY,3900PF,50V,5%,TK0,GENERIC","C2C5,C2C6,C3C11,C4C17,C4C18,C5C15,C5C17,C5C18,C6C16,C8N2,C8N4",11,?,?
"C_CAP_0603-G10607-003,X7R,1UF,25V,10%,TK0,GENERIC","C1N2,C1N4,C5G1,C5J7,C5J8,C8N14",6,?,?
"C_CAP_0603-H70971-001,C0G,200PF,100V,5%,TK0,GENERIC","C9P22,C9P23,C9T10,C9T13",4,?,?
"C_CAP_0805-644066-101,X5R,4.7UF,25V,10%,TK0,GENERIC","C1J5,C1J6,C5F3,C5F4,C6F4,C6F5",6,?,?
"C_CAP_0805-644066-115,X5R,47UF,6.3V,20%,TK0,GENERIC",C6G12,1,?,?
"C_CAP_0805-644066-120,EMPTY,22UF,25V,20%,TK0,GENERIC","C3B4,C3B5,C3L14,C3M3,C3M4",5,?,?
"C_CAP_0805-644066-120,X5R,22UF,25V,20%,TK0,GENERIC","C3A6,C3A10,C3B1,C3B2,C3M1,C4C12,C7P1,C8E9,C8G3,C8G4,C8P11,C9E7",12,?,?
"C_CAP_0805-644066-136,EMPTY,47UF,10V,20%,TK0,GENERIC",C3D9,1,?,?
"C_CAP_0805-644066-136,X5R,47UF,10V,20%,TK0,GENERIC",C8F2,1,?,?
"C_CAP_0805-644066-138,X5R,4.7UF,50V,10%,TK0,GENERIC",C3L2,1,?,?
"C_CAP_0805-G10601-001,X7R,10UF,16V,10%,TK0,GENERIC","C1M1,C2M6",2,?,?
"C_CAP_0805-G27061-002,X5R,10UF,25V,10%,TK0,GENERIC","C3A2,C4M15,C5G9,C5H4,C5H8,C6F11,C6G15,C6H2,C8F1,C8F3,C8F5",11,?,?
"C_CAP_0805-H94455-001,EMPTY,100UF,6.3V,20%,TK0,GENERIC","C4D5,C4D10",2,?,?
"C_CAP_0805-H94455-001,X5R,100UF,6.3V,20%,TK0,GENERIC","C4D8,C4D9,C4D15,C4M19,C5F8,C5G7,C5G11,C6G7,C6G13,C6G14,C7B5,C7B9,C7B12,C7M1-C7M3,C8F4,C8F7",18,?,?
"C_CAP_1206-108426-203,X5R,100UF,10V,20%,TK0,GENERIC","C6U1,C6U2,C7G3,C7H3,C7H4,C7H7,C7U5,C7U6",8,?,?
"C_CAP_1206-108426-216,EMPTY,10UF,50V,10%,TK0,GENERIC","C1N1,C1P3",2,?,?
"C_CAP_1206-108426-216,X7R,10UF,50V,10%,TK0,GENERIC","C2A2,C2A3,C2B2,C2D1,C2L13-C2L15,C2M11",8,?,?
"C_CAP_1206-644066-121,X5R,22UF,25V,10%,TK0,GENERIC","C1F3,C1F5,C4C3,C4N6,C4N8,C6F3,C6F6,C6F7,C6T3,C8G11,C8G12",11,?,?
"C_CAP_1206-644066-135,EMPTY,47UF,25V,20%,TK0,GENERIC","C3A4,C3A5,C7H25,C9M7",4,?,?
"C_CAP_1206-644066-135,X5R,47UF,25V,20%,TK0,GENERIC","C1A1,C3A3,C3L6-C3L9,C4C6,C6C1,C6C2,C7B11,C7B13,C7C4,C7C6,C7C11,C7C12,C7C15,C7H10-C7H12,C7H14,C7H18-C7H20,C7H24,C7H26,C7M4,C7M5,C8B10,C8C2,C8G2,C8M1,C8M2,C8M4,C8M5,C8N6,C8N7,C8N11-C8N13,C9M5,C9M6",41,?,?
"C_CAP_1206-C34226-004,X5R,220UF,4V,20%,TK0,GENERIC","C1F9-C1F11,C1T2-C1T4,C3C18,C3C20,C3C21,C3N6,C4C26,C4D1,C4D2,C4N20,C4P1,C4P2,C5G2-C5G4,C5U2,C5U3,C6G1",22,?,?
"C_CAP_1210-108426-219,EMPTY,10UF,100V,10%,TK0,GENERIC","C9H1,C9H2",2,?,?
"C_CAP_1210-644066-184,X7S,4.7UF,100V,10%,TK0,GENERIC","C9E5,C9T20",2,?,?
"C_CAP_TRIPAD_0201-C83410-014,EMPTY,0.1UF,10V,10%,TK0,GENERIC","C2D3,C2D5",2,?,?
"C_CAP_TRIPAD_0201-C83410-014,X5R,0.1UF,10V,10%,TK0,GENERIC","C2D4,C2D6",2,?,?
"C_CAP_TRIPAD_0201-C83410-016,EMPTY,0.22UF,10V,20%,TK0,GENERIC","C7D1,C7D3,C7D5,C7D7,C7D11,C7D13,C7D17,C7D20",8,?,?
"C_CAP_TRIPAD_0201-C83410-016,X5R,0.22UF,10V,20%,TK0,GENERIC","C7D2,C7D4,C7D6,C7D8,C7D12,C7D14,C7D18,C7D21",8,?,?
"C_CHOKE_4P_SMB-M11878-001,IND,60,NA,15A,TK0,GENERIC","L2L1,L4A1",2,?,?
"C_CHOKE_4P_TRIPAD_SM-752402-009,IND,90,25%,0.33A,TK0,GENERIC","L1M1,L1R1,L1T1,L6T3,L7J1,L8A1,L8H1,L8H2,L9D2,L9F2",10,?,?
"C_CHOKE_4P_TRIPAD_SM-K27097-001,EMPTY,350,25%,100MA,TK0,GENERIC",L3E1,1,?,?
"C_CHOKE_4P_TRIPAD_SM-K98926-001,EMPTY,9,NA,100MA,TK1,GENERIC","L6T1,L6T2",2,?,?
"C_CHOKE_4P_TRIPAD_SM-K98926-001,IND,9,NA,100MA,TK1,GENERIC","L1R2,L1U1,L5A1-L5A4,L6T4",7,?,?
"C_CON_2X30_4EM_SM-E21540-001,CON,CON_2X30_4EM,TK0,GENERIC","J1T1,J6T1,J7W1",3,?,?
"C_CON_2X60_8EM_SM-E30354-006,CON,CON_2X60_8EM,TK0,GENERIC",J9G1,1,?,?
"C_CON_5P_4EM_PWR_TH-J84557-001,CON,C_CON_5P_4EM_PWR,TK0,GENERIC","J2A1,J4A1",2,?,?
"C_CP2105_LCC-G58885-001,IC,CP2105-F01-GM,TK0,GENERIC",EU8J2,1,?,?
"C_CSD8733X_LCC-J50186-001,IC,CSD87335Q3D,TK0,GENERIC","EU6F1,EU8M1,EU8N1",3,?,?
"C_CSD8735X_LCC-H93994-001,IC,CSD87353Q5D,TK0,GENERIC",EU3B1,1,?,?
"C_CSD8735X_LCC-J73283-001,IC,CSD87351Q5D,TK0,GENERIC","EU7H1,EU7H2",2,?,?
"C_CSD8735X_LCC-M29803-001,IC,CSD87355Q5D,TK0,GENERIC",EU3C1,1,?,?
"C_DIODE_ESD_BIDIR_SM-K76685-001,DIO,PESD3V3Z1BSF,9.5A,TK1,GENERIC","CR1R1,CR1R2,CR1R5,CR1R6,CR1T1,CR1T2,CR1U1,CR1U2",8,?,?
"C_DIODE_SCHOTTKY_5P_LCC-N22637-001,DIO,STPS30M60DJF-TR,30A,TK0,GENERIC",CR2A1,1,?,?
"C_DIODE_SCHOTTKY_SM-H18600-001,DIO,SBR3U40P1-7,3A,TK0,GENERIC","CR3A1,CR4B1",2,?,?
"C_DIODE_SCHOTTKY_SM-J96576-002,DIO,RB522ES-30,0.1A,TK2,GENERIC","CR1L1,CR4A1,CR4L1,CR4M1,CR7A1,CR7F1,CR8A3",7,?,?
"C_DIODE_SCHOTTKY_SM-J96576-002,EMPTY,RB522ES-30,0.1A,TK2,GENERIC",CR3V1,1,?,?
"C_DIODE_SCHOTTKY_SM-M63877-001,DIO,PMEG4010EH,115,1A,TK0,GENERIC","CR3H1,CR5U1",2,?,?
"C_DIODE_SCHOTTKY_SM-M63877-001,EMPTY,PMEG4010EH,115,1A,TK0,GENERIC","CR1F1,CR5V1,CR6T1",3,?,?
"C_DIODE_SCHOTTKY_SM-N22183-001,DIO,SS26-E3/52T,2A,TK0,GENERIC","CR9R1,CR9T5",2,?,?
"C_DIODE_SCHOTTKY_SOD-A99641-001,DIO,1N5819HW-7-F,1A,TK0,GENERIC","CR2W1,CR7G1",2,?,?
"C_DIODE_SCHOTTKY_SOD-C85569-001,EMPTY,MBR0520LT1G,0.5A,TK0,GENERIC",CR1J1,1,?,?
"C_DIODE_SCHOTTKY_SOD-J76553-001,DIO,PMEG4030ER,3A,TK0,GENERIC","CR8C1,CR8C2",2,?,?
"C_DIODE_SCHOTTKY_SOD-M54920-001,DIO,RB520CM-30T2R,0.1A,TK0,GENERIC","CR2G1,CR2H1,CR4C1,CR7J1,CR8F2,CR9W2",6,?,?
"C_DIODE_SCHOTTKY_SOD-M75857-001,DIO,RB521SM-60T2R,0.2A,TK0,GENERIC","CR3L1,CR3L2",2,?,?
"C_DIODE_TVS_SM-G37996-001,DIO,AOZ8131DI-05L,4A,TK0,GENERIC","CR5J2-CR5J5,CR6J1,CR7U1",6,?,?
"C_DIODE_TVS_SM-H87100-001,EMPTY,ESD105-B1-02,5A,TK0,GENERIC",CR2M1,1,?,?
"C_DIODE_TVS_SM-J22733-001,EMPTY,ESD200-B1-CSP0201,3A,TK2,GENERIC",CR1J2,1,?,?
"C_DIODE_TVS_SM-J33529-001,DIO,ESD108-B1-CSP0201 E6327,2.5A,TK2,GENERIC","CR9P1,CR9P3,CR9T1,CR9T3",4,?,?
"C_DIODE_TVS_SM-J96837-002,DIO,SESDL2012MX4T5G,4.5A,TK2,GENERIC","CR9D1-CR9D4,CR9D7,CR9E1-CR9E3,CR9F1-CR9F4,CR9F7-CR9F10",16,?,?
"C_DIODE_TVS_SM-K67211-001,DIO,ESD131-B1-W0201,3.5A,TK2,GENERIC","CR1R3,CR1R4,CR1T3,CR1T4,CR7J2,CR7J3,CR8A1,CR8A2,CR8H1-CR8H4,CR8J1,CR8J2,CR9D5,CR9D6,CR9F5,CR9F6,CR9P2,CR9P4,CR9T2,CR9T4",22,?,?
"C_DIODE_TVS_SM-N35398-001,DIO,D5V0X1BA2LP-7B,4A,TK0,GENERIC","CR8F1,CR8G1,CR8T1,CR8T2,CR8U1",5,?,?
"C_DIODE_TVS_UNI_SM-G92087-001,DIO,ESD5Z5.0T1G,9.4A,TK0,GENERIC",CR5J1,1,?,?
"C_EEPROM_8P_A_SOIC-J33443-001,IC,AT34C04-SS5MT,TK0,GENERIC",U2H2,1,?,?
"C_EEPROM_8P_SOIC-C82789-001,IC,M24C02-WMN6TP,TK0,GENERIC",U8V1,1,?,?
"C_EMIF03_LCC-K69575-001,IC,EMIF03-SIM02M8,TK1,GENERIC",EU7U1,1,?,?
"C_ESD1014_LCC-H33233-001,DIO,ESD1014MUTAG,30A,TK0,GENERIC","EU9H1,EU9J1",2,?,?
"C_FERRITE_0603-693286-001,EMPTY,60,25%,1A,TK0,GENERIC","FB7W1,FB7W2",2,?,?
"C_FERRITE_0603-693286-057,FB,330,25%,1.5A,TK0,GENERIC","FB9P1,FB9R1",2,?,?
"C_FERRITE_0603-693286-075,FB,120,25%,3A,TK0,GENERIC","FB1G1,FB1R1,FB5J4-FB5J6",5,?,?
"C_FERRITE_0603-693286-101,FB,100,25%,3A,TK0,GENERIC","FB5H1,FB5J3,FB5V1,FB5V2,FB6H1",5,?,?
"C_FERRITE_0603-H41088-001,FB,600,25%,1.3A,TK0,GENERIC","FB5J2,FB5V3",2,?,?
"C_FERRITE_1206-651080-019,FB,50,30%,3A,TK0,GENERIC","FB1P1,FB1P2,FB8V1",3,?,?
"C_FERRITE_1206-651080-028,EMPTY,50,25%,12A,TK0,GENERIC",FB2L1,1,?,?
"C_FERRITE_1206-651080-031,FB,600,25%,2.9A,TK0,GENERIC",FB5J1,1,?,?
"C_FIN1028_SOIC-C39960-001,EMPTY,FIN1028MX,TK0,GENERIC",U2H1,1,?,?
"C_FLASH_8P_SOIC-K67843-001,IC,W25Q80EWSNIG,TK0,GENERIC",U9E2,1,?,?
"C_FLASH_9P_LCC-K10825-004,EMPTY,MX77U51250FZ4I42,TK0,GENERIC",U1R1,1,?,?
"C_FLASH_9P_LCC-K10825-004,IC,MX77U51250FZ4I42,TK0,GENERIC",EU1E1,1,?,?
"C_FPF132X_BGA-G61687-001,IC,FPF1320UCX,TK1,GENERIC","U1R2,U2W2,U2W4,U8E2,U8P5",5,?,?
"C_FUSE_SM-C94014-001,EMPTY,1.1A,6V,TK0,GENERIC",F7W1,1,?,?
"C_GND_ISOLATION_SM-NA_71114,EMPTY,NA,TK0,GENERIC","ISO1F1,ISO4N1,ISO5J1,ISO5J2,ISO6H1,ISO7B1,ISO7F1,ISO8G1",8,?,?
"C_HBR_RETIMER_A_BGA-K37614-030,IC,99AVH0,0.9,TK2,GENERIC","U9D2,U9F1",2,?,?
"C_HDR_1X1_SM-K10735-001,CON,HDR_1X1,TK0,GENERIC","J2J1,J7A1,J7G1,J9E5",4,?,?
"C_HDR_1X1_TH-D32780-001,EMPTY,HDR_1X1,TK0,GENERIC","J6A1,J9J2",2,?,?
"C_HDR_1X3_SM-N28284-001,CON,HDR_1X3,TK0,GENERIC","J1H3,J3B1,J4A2,J4B3,J5H1,J6H1,J6J1,J8A4,J8B3,J8F1,J8G1,J8H4,J9D2,J9E4",14,?,?
"C_HDR_1X3_SM-N40302-001,CON,HDR_1X3,TK0,GENERIC","J2B1,J2H2,J2H3,J3H2,J4B1,J4B4,J4C1,J4H2,J5A2,J5B1,J6B1,J6H4,J8A5,J8B2,J9D1",15,?,?
"C_HDR_1X4_2EM_FAN_SM-K97577-001,CON,HDR_1X4_2EM_FAN,TK0,GENERIC","J1A1,J1A2",2,?,?
"C_HDR_1X4_2EM_FAN_SM-K97577-001,EMPTY,HDR_1X4_2EM_FAN,TK0,GENERIC","J3N1,J4L1,J4L2,J8T1",4,?,?
"C_HDR_1X4_SM-N28601-001,CON,HDR_1X4,TK0,GENERIC","J1G2,J2G1,J5H4,J6A3,J8A2,J8G2,J9A2",7,?,?
"C_HDR_1X5_K2_SM-N32336-001,CON,HDR_1X5_K2,TK0,GENERIC",J3J1,1,?,?
"C_HDR_1X5_SM-J47721-001,EMPTY,HDR_1X5,TK0,GENERIC",J7J1,1,?,?
"C_HDR_2X10_K1_SM-G25403-004,CON,C_HDR_2X10_K1,TK0,GENERIC",J1H1,1,?,?
"C_HDR_2X10_K7_CORTEX_SM-K70426-001,EMPTY,HDR_2X10_K7_CORTEX,TK0,GENERIC",J3W1,1,?,?
"C_HDR_2X11_SM-H60948-004,CON,HDR_2X11,TK0,GENERIC",J8A1,1,?,?
"C_HDR_2X14_K4_K21_K22_SM-H46981-001,CON,HDR_2X14_K4_K21_K22,TK0,GENERIC",J2H1,1,?,?
"C_HDR_2X15_2EM_SM-G94240-001,CON,HDR_2X15_2EM,TK0,GENERIC",J6H3,1,?,?
"C_HDR_2X20_SM-C12536-002,CON,C_HDR_2X20,TK0,GENERIC",J8J2,1,?,?
"C_HDR_2X25_K29_K30_K31_SM-K18833-001,CON,HDR_2X25_K29_K30_K31,TK0,GENERIC",J1H2,1,?,?
"C_HDR_2X2_SM-J48177-001,CON,HDR_2X2,TK0,GENERIC",J4B2,1,?,?
"C_HDR_2X2_SM-N26670-001,CON,HDR_2X2,TK0,GENERIC",J8H1,1,?,?
"C_HDR_2X3_K3_SM-E46690-003,CON,C_HDR_2X3_K3,TK0,GENERIC",J5J1,1,?,?
"C_HDR_2X3_SM-N27348-001,CON,HDR_2X3,TK0,GENERIC",J9E1-J9E3,3,?,?
"C_HDR_2X4_K8_SM-K87774-002,CON,C_HDR_2X4_K8,TK0,GENERIC",J4H1,1,?,?
"C_HDR_2X4_SM-N26669-001,CON,HDR_2X4,TK0,GENERIC",J8B1,1,?,?
"C_HDR_2X5_2EM_SM-A95918-003,CON,HDR_2X5_2EM,TK0,GENERIC",J6A2,1,?,?
"C_HDR_2X5_K8_SM-E46690-002,CON,HDR_2X5_K8,TK0,GENERIC",J3H1,1,?,?
"C_HDR_2X5_K9_SM-G59917-001,CON,HDR_2X5_K9,TK0,GENERIC","J8A3,J8H5",2,?,?
"C_HDR_2X6_2EM_SMA-K89638-001,CON,HDR_2X6_2EM,TK0,GENERIC",J3A1,1,?,?
"C_HDR_2X6_K8_SM-N32958-001,CON,HDR_2X6_K8,TK0,GENERIC",J5H2,1,?,?
"C_HDR_2X7_SM-H28792-001,EMPTY,HDR_2X7,TK0,GENERIC","J1N1,J1P1,J1T2,J1U1,J2N1,J2P1,J3M1,J3W2,J4M1,J4U1,J4U2,J4V1,J5L1,J5M1,J5M2,J5V1,J6H2,J6J2,J6L1,J6L2,J7J2,J7M1,J7R1,J7U2,J8L1,J8P1,J8T2,J8V1,J8V2,J9P1,J9U1",31,?,?
"C_HDR_2X8_K10_K14_SM-K96810-001,CON,C_HDR_2X8_K10_K14,TK0,GENERIC",J8H2,1,?,?
"C_HDR_2X8_K12_SM-K88798-001,CON,C_HDR_2X8_K12,TK0,GENERIC",J5H3,1,?,?
"C_HDR_2X8_K5_SM-K92628-001,CON,HDR_2X8_K5,TK0,GENERIC","J8H3,J8J1",2,?,?
"C_INDUCTOR_0603-202287-127,IND,1UH,30%,0.6A,TK0,GENERIC",L4R1,1,?,?
"C_INDUCTOR_POL_0402-A47303-239,IND,10NH,2%,0.5A,TK0,GENERIC",L9A2,1,?,?
"C_INDUCTOR_POL_0603-K44584-002,IND,0.47UH,20%,3.8A,TK0,GENERIC",L4R2,1,?,?
"C_INDUCTOR_POL_SM-E42869-030,IND,6.8NH,3%,300MA,TK0,GENERIC",L9A1,1,?,?
"C_INDUCTOR_POL_SM-N13944-002,EMPTY,0.15UH,20%,69A,TK0,GENERIC",L6C1,1,?,?
"C_INDUCTOR_POL_SM-N13944-002,IND,0.15UH,20%,69A,TK0,GENERIC","L2C1,L3C2,L3C3,L4C1,L4C2,L5C1-L5C3",8,?,?
"C_INDUCTOR_SM-652666-093,IND,4.7UH,20%,1.05A,TK0,GENERIC",L8H3,1,?,?
"C_INDUCTOR_SM-C99654-007,IND,2.2UH,20%,14A,TK0,GENERIC","L1F1,L6H1,L7B1,L8G2",4,?,?
"C_INDUCTOR_SM-G65928-006,IND,1.5UH,20%,11A,TK0,GENERIC","L4C3,L8G1",2,?,?
"C_INDUCTOR_SM-G83210-024,IND,0.68UH,20%,4.3A,TK0,GENERIC","L9D1,L9F1",2,?,?
"C_INDUCTOR_SM-H15914-001,IND,2.2UH,20%,18A,TK0,GENERIC",L8M1,1,?,?
"C_INDUCTOR_SM-H38521-001,IND,0.3UH,20%,41A,TK0,GENERIC",L6G1,1,?,?
"C_INDUCTOR_SM-H89078-001,IND,0.47UH,20%,3.5A,TK0,GENERIC","L4M1,L5F1,L5G1,L5G2,L6G2",5,?,?
"C_INDUCTOR_SM-K64307-001,IND,0.22UH,20%,38A,TK0,GENERIC",L3C1,1,?,?
"C_INDUCTOR_SM-M54396-004,IND,1UH,20%,3.3A,TK0,GENERIC",L2E1,1,?,?
"C_INDUCTOR_SM-N26941-001,IND,2.2UH,20%,40A,TK0,GENERIC",L3B1,1,?,?
"C_INDUCTOR_SM-N35089-001,IND,1UH,20%,30A,TK0,GENERIC","L7H1,L7H2",2,?,?
"C_INJVA0_DT_LCC-H29350-002,IC,INJVA0-DT,TK1,GENERIC",EU8J1,1,?,?
"C_IPJ_P6005_X2X_LCC-G92098-002,IC,IPJ-P6005-X2BT,TK0,GENERIC",U9A1,1,?,?
"C_ISL81401A_LCC-K52308-001,IC,ISL81401AFRZ-T,TK0,GENERIC",EU9N1,1,?,?
"C_LED_DISP_10P_SM-D24357-001,LED,RED,TK0,GENERIC","DS6H1,DS6J1-DS6J3",4,?,?
"C_LED_DUAL_4P_SMA-N31877-001,LED,YELLOW_GREEN,TK0,GENERIC",DS2H3,1,?,?
"C_LED_SM-C97278-001,EMPTY,GREEN,TK0,GENERIC","DS1A1,DS2B2",2,?,?
"C_LED_SM-C97278-001,LED,GREEN,TK0,GENERIC","DS1A2,DS1G1,DS1J1-DS1J3,DS2B1,DS2G1,DS2H1,DS2H2,DS3H1,DS4H1,DS6G1,DS8A1,DS9C2-DS9C7,DS9H1",20,?,?
"C_LED_SM-C97278-018,LED,RED,TK0,GENERIC",DS9C1,1,?,?
"C_LED_SM-K31175-001,LED,AMBER,TK0,GENERIC",DS2B3,1,?,?
"C_LPDDR5_SDRAM_BGA-N35527-001,EMPTY,H58G56BK8BX068,TK0,GENERIC","U3G1,U3G2,U4G1,U5G1",4,?,?    
"C_M2_75P_KEYB_2EM_SM-M88860-001,CON,M2_75P_KEYB_2EM,TK0,GENERIC",J6T2,1,?,?
"C_M2_75P_KEYE_2EM_SM-M88859-001,CON,M2_75P_KEYE_2EM,TK0,GENERIC",J1B1,1,?,?
"C_M2_75P_KEYM_2EM_SM-K63346-001,CON,M2_75P_KEYM_2EM,TK0,GENERIC",J8E1,1,?,?
"C_M2_75P_KEYM_2EM_SM-M55085-001,CON,M2_75P_KEYM_2EM,TK0,GENERIC",J8P2,1,?,?
"C_MAX6816_SOT143-C76261-001,IC,MAX6816EUS+T,TK0,GENERIC",U8G1,1,?,?
"C_MAX6958_QSOP-E87021-001,IC,MAX6958AAEE+T,TK0,GENERIC",U6W1,1,?,?
"C_MEC172X_BGA-M80638-001,IC,MEC1723NB0-I/SZ,TK2,GENERIC",U1J2,1,?,?
"C_MOSFET_N_1D2S1G_BGA-N26574-001,EMPTY,DMN1054UCB4-7,TK2,GENERIC","Q5V1,Q6T2",2,?,?
"C_MOSFET_N_1D2S1G_BGA-N26574-001,MFET,DMN1054UCB4-7,TK2,GENERIC","Q5U2,Q6F1,Q6F2,Q6G1,Q6G2",5,?,?
"C_MOSFET_N_4D3S1G_LCC-J60601-001,MFET,BSZ060NE2LS,TK0,GENERIC","Q5A1,Q7B2,Q7C1,Q8B1",4,?,?
"C_MOSFET_N_4D3S1G_LCC-N22211-001,MFET,BSZ024N04LS6ATMA1,TK0,GENERIC",Q2A1,1,?,?
"C_MOSFET_N_4D3S1G_LCC-N39985-001,MFET,BSC004NE2LS5ATMA1,TK0,GENERIC",Q3A3,1,?,?
"C_MOSFET_N_4D3S1G_LCCA-N22200-001,MFET,ISC0703NLSATMA1,TK0,GENERIC","Q2B1,Q2B2",2,?,?
"C_MOSFET_N_ESD_SM-H89430-001,EMPTY,CSD17483F4,TK2,GENERIC",Q2P1,1,?,?
"C_MOSFET_N_ESD_SM-H89430-001,MFET,CSD17483F4,TK2,GENERIC","Q1G1,Q1J2,Q1V4,Q1V5,Q2H2,Q2H4,Q2J1-Q2J3,Q2L1,Q2L2,Q2M1,Q3L1,Q4A3,Q8E1,Q8J1,Q8L1-Q8L3,Q8P1,Q9C1,Q9H1,Q9L1,Q9V1,Q9V2",25,?,?
"C_MOSFET_N_ESD_SOT723-J41005-001,EMPTY,RUM002N02T2L,TK0,GENERIC","Q1T2,Q5V2,Q6T1,Q9P1,Q9P2",5,?,?
"C_MOSFET_N_ESD_SOT723-J41005-001,MFET,RUM002N02T2L,TK0,GENERIC","Q1L2,Q5U1",2,?,?
"C_MOSFET_N_ESD_SOT723-J98964-001,MFET,RSM002N06T2L,TK0,GENERIC",Q9E1,1,?,?
"C_MOSFET_N_ESD_SOT723-K44592-001,MFET,RYM002N05T2CL,TK0,GENERIC",Q5A2,1,?,?
"C_MOSFET_N_ESD_SOT883-N30839-001,MFET,NX138AKMYL,TK2,GENERIC",Q1L1,1,?,?
"C_MOSFET_N_SOT23-C81974-001,EMPTY,BSS138LT3G,TK0,GENERIC","Q1A1,Q1L3,Q1M1,Q1T1",4,?,?
"C_MOSFET_N_SOT23-C81974-001,MFET,BSS138LT3G,TK0,GENERIC","Q1H1,Q1V1-Q1V3,Q2G1,Q2H1,Q2H3,Q2H5,Q3A2,Q3H1,Q3L2,Q4A1,Q4A2,Q4L1-Q4L4,Q4M1,Q5V3,Q5W1,Q6V1-Q6V3",23,?,?
"C_MOSFET_N_SOT23-M32002-001,MFET,DMN2040U-13,TK0,GENERIC","Q6M1,Q7B1",2,?,?
"C_MOSFET_P_4D3S1G_LCCA-N27310-001,MFET,DMP32M6SPS-13,TK0,GENERIC","Q3A4,Q3B1,Q4A4,Q4B1,Q4B2",5,?,?
"C_MOSFET_P_4D3S1G_LCCA-N27462-001,MFET,XPH3R114MC,L1XHQ,TK0,GENERIC","Q2L3,Q2L4",2,?,?
"C_MOSFET_P_ESD_SM-N24745-001,MFET,RAF040P01,TK0,GENERIC","Q1J1,Q2V1,Q3A1",3,?,?
"C_MOSFET_P_SOT23-D32396-001,MFET,FDN306P,TK0,GENERIC",Q9W1,1,?,?
"C_MOSFET_P_SOT23-N29560-001,EMPTY,PMV160UP,215,TK0,GENERIC",Q2W1,1,?,?
"C_MOSFET_P_SOT23-N29560-001,MFET,PMV160UP,215,TK0,GENERIC",Q2W2,1,?,?
"C_MTG_HOLE_TH-M21601-001,EMPTY,MTG_NLX_ADLM,TK0,GENERIC","MH1B1,MH1G1,MH9A1,MH9B1,MH9G1",5,?,?
"C_MTG_SPOKE_8P_NPTH-NA_77397,EMPTY,MTG_SPOKE_8P,TK0,GENERIC","MH6A1,MH6G1,MH7A1,MH7G1",4,?,?
"C_NCP59801_LCC-N32107-001,IC,NCP59801CMTWADJTAG,TK0,GENERIC","EU5F1,U1J1,U6F2",3,?,?
"C_NSIM_SHLD_7P_6EM_SM-H74371-001,CON,NSIM_SHLD_7P_6EM,TK0,GENERIC",J7U1,1,?,?
"C_PAC195X_A_BGA-N31392-001,EMPTY,PAC1952T-2E/J6CX,TK1,GENERIC","U4A1,U5L1",2,?,?
"C_PAC195X_BGA-M26790-001,IC,PAC1954T-E/J6CX,TK1,GENERIC","U1L1,U3M1,U4M2,U5G2,U6A1,U6A3,U7A1",7,?,?
"C_PCA9306_A_TSSOP-G22236-001,IC,PCA9306DP1,TK0,GENERIC","U6G1,U8D2,U8W1,U9H1",4,?,?
"C_PCA9518_TSSOP-D15619-001,IC,PCA9518PW,TK0,GENERIC",U2H3,1,?,?
"C_PCA9555_TSSOP-C22870-001,IC,PCA9555PWR,TK0,GENERIC","U2V1,U3H3",2,?,?
"C_PCIEX4_2X32_2EM_SM-J90217-001,CON,PCIEX4_2X32_2EM,TK0,GENERIC",J8C1,1,?,?
"C_PCIEX5_2X32_2EM_SM-M68514-001,CON,PCIEX5_2X32,TK0,GENERIC",J7D1,1,?,?
"C_PCIEX8_2X49_2EM_SM-K95476-001,CON,PCIEX8_2X49_2EM,TK0,GENERIC",J6C1,1,?,?
"C_PI3EQX1002E_LCC-J41453-002,IC,PI3EQX1002E2ZREX,TK2,GENERIC","EU1E2,EU1G1",2,?,?
"C_PI4ULS5V201_SOT23-J20431-001,IC,PI4ULS5V201TAE,TK0,GENERIC","U1L3,U6G2,U7B3-U7B5,U7D1,U7D2,U7N1,U7N3,U8H1,U8N1,U9R1,U9R2",13,?,?
"C_PTL_UH_IP_XBGA-LPID7658,EMPTY,C_PTL_UH,1.0,LPDB,IP",U4E1,1,?,?
"C_RAA489110_LCC-M33483-001,IC,RAA489110ARGNP#HA0,TK1,GENERIC",EU3L1,1,?,?
"C_RES_0201-C48657-011,RES,100,1%,0.05W,TK0,GENERIC",R3R12,1,?,?
"C_RES_0201-C48657-015,RES,200,1%,0.05W,TK0,GENERIC","R3E7,R3E8",2,?,?
"C_RES_0201-C48657-027,EMPTY,0,1%,0.05W,TK0,GENERIC","R2R5,R3E9,R3E13,R4A7,R4A8,R5L7,R5M4,R7D1,R7D2",9,?,?
"C_RES_0201-C48657-027,EMPTY,0,1%,0.05W,TK2,GENERIC","R1R1,R1R2,R1R4,R1R5,R1R8,R1R12,R1R18,R2R14,R2R15,R2R24,R2R25",11,?,?
"C_RES_0201-C48657-027,RES,0,1%,0.05W,TK0,GENERIC","R1B7-R1B11,R2B3-R2B5,R2E16,R2E19,R2M9,R6C4,R6C8,R6E1,R6E2,R6F1,R6F2,R6T22,R6T23,R7C8,R7C9,R7C14,R7C16,R7C18,R7C19,R7R4,R7R5,R7T5,R7T6,R7W28,R7W30,R8E18-R8E27,R8H19,R8H20,R9E33,R9W14",45,?,?
"C_RES_0201-C48657-027,RES,0,1%,0.05W,TK2,GENERIC","R1R3,R1R6,R1R7,R1R9,R1R19,R2E14,R2E15,R2R1,R2R2,R2R9-R2R13,R2R23,R2R28,R2R29",17,?,?
"C_RES_0201-C48657-037,EMPTY,4.7K,1%,0.05W,TK0,GENERIC",R2R38,1,?,?
"C_RES_0201-C48657-222,RES,27K,1%,0.05W,TK0,GENERIC","R1E12,R1E13,R1E36,R1F1,R1G1,R1G2,R2G1,R2G2",8,?,?
"C_RES_0201-C48657-354,RES,16,1%,0.05W,TK0,GENERIC",R3T2-R3T5,4,?,?
"C_RES_0201-C80792-011,EMPTY,100K,5%,0.05W,TK0,GENERIC",R2R37,1,?,?
"C_RES_0201-C80792-012,RES,1K,5%,0.05W,TK0,GENERIC","R2R34,R3R9",2,?,?
"C_RES_0201-C80792-058,EMPTY,20K,5%,0.05W,TK0,GENERIC",R2T23,1,?,?
"C_RES_0201-C80792-096,RES,4.02,1%,0.05W,TK0,GENERIC","R9D18,R9D19,R9D22,R9D23,R9D28,R9E1,R9E12,R9E13,R9F2,R9F3,R9F6,R9F7,R9F12,R9F13,R9F16,R9F17",16,?,?
"C_RES_0201-G13778-001,RES,220K,1%,0.05W,TK0,GENERIC","R1E14,R1E15,R1G3,R1G4,R9D17,R9D20,R9D21,R9D24,R9D27,R9E2,R9E11,R9E15,R9F1,R9F4,R9F5,R9F8,R9F11,R9F14,R9F15,R9F18",20,?,?
"C_RES_0201-H30143-008,RES,10K,5%,0.05W,TK0,GENERIC","R1J36,R2R7",2,?,?
"C_RES_0201-N50440-001,RES,12,1%,0.05W,TK0,GENERIC",R3T1,1,?,?
"C_RES_0402-A36092-043,EMPTY,100,1%,0.0625W,TK0,GENERIC","R1F27,R2F27,R2H12,R5B32,R5H23,R7J21",6,?,?
"C_RES_0402-A36092-043,RES,100,1%,0.0625W,TK0,GENERIC","R1J42,R1M29,R2H35,R3M1,R4A3,R4A19,R4L28,R4M12,R4M16,R4M17,R4N25,R4N26,R5B7,R5B8,R5B11,R5B27,R5M19,R5M25,R6H4,R6U17,R7F25,R8T12,R8V1,R9C21",24,?,?
"C_RES_0402-A36092-490,RES,300,1%,0.0625W,TK0,GENERIC","R1F16,R1J41,R1M30,R4M43,R7F28",5,?,?
"C_RES_0402-A93548-004,EMPTY,110,1%,0.0625W,TK0,GENERIC","R2D14,R4M25",2,?,?
"C_RES_0402-A93548-023,EMPTY,1K,1%,0.0625W,TK0,GENERIC","R1E18,R1E23,R1E25,R1E26,R1E33,R1E35,R1F33,R1F35,R1F38,R1G5,R1G7,R1G8,R1R53,R1T19,R1W12,R2B22,R2E13,R2E37,R2H33,R2H37,R2T20,R2W17,R2W20,R2W36,R2W37,R3M24,R3N2,R4L2,R4L3,R4L22,R4L25,R5B34,R5M30,R6J17,R7T1,R8T5",36,?,?
"C_RES_0402-A93548-023,RES,1K,1%,0.0625W,TK0,GENERIC","R1G10,R1H27,R1L11,R1R52,R1T6,R1T8,R1W25,R1W42,R1W45,R2B7,R2F26,R2J33,R2L8,R2L9,R3J4,R4N11,R5B19,R5J47,R5J50,R6B23,R8B11,R8F3,R8J22,R9W9",24,?,?
"C_RES_0402-A93548-031,EMPTY,10,1%,0.0625W,TK0,GENERIC","R3C18,R3C19,R5F21,R5F22,R5F34,R5F35,R7G24,R7G25",8,?,?
"C_RES_0402-A93548-031,RES,10,1%,0.0625W,TK0,GENERIC","R2N14-R2N17,R2R41,R2R42,R3C16,R3C17,R3C20,R3C21,R4D1,R4D2,R5C19,R5C20,R5D1-R5D4,R5F25,R5F26,R6F11,R6F14,R6G22,R6G25",24,?,?
"C_RES_0402-A93548-034,EMPTY,10K,1%,0.0625W,TK0,GENERIC","R1F7,R1J18,R1J52,R1W32,R2H2,R2H16,R2M12,R2W45,R4A11,R4B13,R5J14,R5L6,R6B34,R6G17,R7A8,R7A10,R7A14,R7A19,R7B4,R7B5,R7B8,R7B12,R7D7,R7D9,R7G20,R8A8,R8A10,R8A12,R8A15,R8E5,R8P5,R9R2,R9R3,R9R7,R9T4,R9T5,R9W8",37,?,?
"C_RES_0402-A93548-034,EMPTY,10K,1%,0.0625W,TK2,GENERIC","R9E4,R9E5,R9F20-R9F22",5,?,?
"C_RES_0402-A93548-034,RES,10K,1%,0.0625W,TK0,GENERIC","R1F19,R1J47,R1L3,R1R33,R1R34,R1W36,R1W37,R2B20,R2H27,R2L5,R2R20,R2W53,R3A4,R3H37,R3H38,R3M13,R3V22,R3V24,R3V27,R4H22,R4J3,R4J4,R4J11,R4L10,R4L16,R4L19,R4M44,R4N21,R4W1,R5F7,R5F10,R5G41,R5J8,R5J20,R5J23,R5U15,R5V23,R5W2,R6A5,R6B2,R6M20,R7A15,R7B26,R7B29,R7H18,R8B9,R8B13,R9E26-R9E29,R9E31,R9E32,R9E37,R9E38,R9R6,R9W4",57,?,?
"C_RES_0402-A93548-034,RES,10K,1%,0.0625W,TK2,GENERIC",R9F23,1,?,?
"C_RES_0402-A93548-044,RES,3.32K,1%,0.0625W,TK0,GENERIC","R9E21,R9N2,R9R19",3,?,?
"C_RES_0402-A93548-045,EMPTY,49.9,1%,0.0625W,TK0,GENERIC",R2P15,1,?,?
"C_RES_0402-A93548-045,RES,49.9,1%,0.0625W,TK2,GENERIC","R3V1,R3V4",2,?,?
"C_RES_0402-A93548-060,RES,200,1%,0.0625W,TK0,GENERIC","R3E1-R3E6,R4E2-R4E4,R5E2,R5E4,R7H19",12,?,?
"C_RES_0402-A93548-060,RES,200,1%,0.0625W,TK2,GENERIC",R5V15,1,?,?
"C_RES_0402-A93548-061,RES,8.06K,1%,0.0625W,TK0,GENERIC",R9N5,1,?,?
"C_RES_0402-A93548-064,RES,12.4K,1%,0.0625W,TK0,GENERIC",R2W49,1,?,?
"C_RES_0402-A93548-066,RES,33.2K,1%,0.0625W,TK0,GENERIC",R1P19,1,?,?
"C_RES_0402-A93548-080,EMPTY,147,1%,0.0625W,TK0,GENERIC",R4B4,1,?,?
"C_RES_0402-A93548-080,RES,147,1%,0.0625W,TK0,GENERIC","R4B5,R4B6,R4M7-R4M9,R5B6,R5M6,R5M8",8,?,?
"C_RES_0402-A93548-089,RES,374,1%,0.0625W,TK0,GENERIC",R6H8,1,?,?
"C_RES_0402-A93548-094,EMPTY,499,1%,0.0625W,TK0,GENERIC","R8J11,R8J27",2,?,?
"C_RES_0402-A93548-094,RES,499,1%,0.0625W,TK0,GENERIC","R1L19,R6A2",2,?,?
"C_RES_0402-A93548-123,RES,48.7K,1%,0.0625W,TK0,GENERIC",R9N1,1,?,?
"C_RES_0402-A93548-126,EMPTY,49.9K,1%,0.0625W,TK0,GENERIC",R1H24,1,?,?
"C_RES_0402-A93548-126,RES,49.9K,1%,0.0625W,TK0,GENERIC","R1P2,R2N1,R4L15,R8V19,R8V20",5,?,?
"C_RES_0402-A93548-126,RES,49.9K,1%,0.0625W,TK2,GENERIC","R8V17,R8V18",2,?,?
"C_RES_0402-A93548-128,EMPTY,100K,1%,0.0625W,TK0,GENERIC","R1F18,R1L7,R1L40,R1T10,R1T13,R2E38,R2J34,R4A5,R4A6,R4A20,R4L7,R4M20,R4M46,R4M54,R5A18,R5A19,R5G34,R5J30,R5L8,R5L11,R6A9,R6A29,R6G33,R6U1,R7A5,R7A21,R7F13,R7F22,R7R3,R7U6,R8B7,R8B10,R8E1,R8G11,R8P7,R9C5,R9D5,R9P2,R9P3,R9R1,R9R12",41,?,?
"C_RES_0402-A93548-128,EMPTY,100K,1%,0.0625W,TK2,GENERIC","R7J28,R7J29,R8J20,R8J21",4,?,?
"C_RES_0402-A93548-128,RES,100K,1%,0.0625W,TK0,GENERIC","R1A3,R1J34,R1J50,R1L9,R1L22,R1M26,R1P18,R1V34,R1V36,R1W20,R1W26,R2G24,R2H28,R2H32,R2H43,R2J32,R2L4,R2L6,R2V51,R2W27,R3G17,R3H13,R3J1,R3L4,R3M2,R3M3,R4A13,R4A14,R4C11,R4H21,R4L9,R4L17,R4L20,R4L21,R4L31,R4L32,R4M49,R4M52,R4N9,R4N12,R4V37,R4W23,R5G37,R5H1,R5H15,R5H27,R5U18,R6A12,R6A30,R6B33,R6G34,R6J9,R6M11,R6U10,R6U16,R7A26,R7B11,R7B24,R7C7,R7D10,R7J2,R7J7,R7J8,R7R2,R8C1,R8C3,R8E8,R8F5,R8J18,R8J19,R8P15,R8R2,R9C6,R9D6,R9E19,R9E39,R9F31,R9G1,R9R14,R9W5,R9W10",81,?,?
"C_RES_0402-A93548-128,RES,100K,1%,0.0625W,TK2,GENERIC","R8H22,R8J3",2,?,?
"C_RES_0402-A93548-132,EMPTY,15K,1%,0.0625W,TK0,GENERIC",R2L12,1,?,?
"C_RES_0402-A93548-132,RES,15K,1%,0.0625W,TK0,GENERIC","R1J39,R4M37,R6F7",3,?,?
"C_RES_0402-A93548-133,RES,30.1K,1%,0.0625W,TK0,GENERIC",R1J38,1,?,?
"C_RES_0402-A93548-134,RES,20.5K,1%,0.0625W,TK0,GENERIC",R1N5,1,?,?
"C_RES_0402-A93548-139,RES,294K,1%,0.0625W,TK0,GENERIC",R2H34,1,?,?
"C_RES_0402-A93548-149,RES,2,1%,0.0625W,TK0,GENERIC","R2L16,R3L16",2,?,?
"C_RES_0402-A93548-159,RES,53.6K,1%,0.0625W,TK0,GENERIC",R9N6,1,?,?
"C_RES_0402-A93548-167,RES,61.90K,1%,0.0625W,TK0,GENERIC",R8V11,1,?,?
"C_RES_0402-A93548-176,RES,475K,1%,0.0625W,TK0,GENERIC",R4B31,1,?,?
"C_RES_0402-A93548-181,EMPTY,20K,1%,0.0625,TK0,GENERIC","R1T3,R2E8,R2E29,R2E76,R2F5,R2F36,R2T16,R2T19,R2T31,R2V17,R2W33",11,?,?
"C_RES_0402-A93548-181,RES,20K,1%,0.0625,TK0,GENERIC","R1F20,R1T5,R1W35,R2E3,R2H29,R2R21,R2R27,R4A1,R5G9,R8B2,R8B4,R8G12,R8L7,R8N10",14,?,?
"C_RES_0402-A93548-182,RES,130K,1%,0.0625W,TK0,GENERIC",R7J6,1,?,?
"C_RES_0402-A93548-185,RES,2.74K,1%,0.0625W,TK0,GENERIC",R3L7,1,?,?
"C_RES_0402-A93548-186,RES,200K,1%,0.0625W,TK0,GENERIC","R1L16,R1L17,R2C19,R2L11,R3E11,R4A21,R6J13,R7G12,R7J9,R8D6,R8J12,R9H1",12,?,?
"C_RES_0402-A93548-187,RES,24.9K,1%,0.0625W,TK0,GENERIC","R1N2,R1P1",2,?,?
"C_RES_0402-A93548-189,RES,26.7K,1%,0.0625W,TK0,GENERIC","R4N10,R5G25",2,?,?
"C_RES_0402-A93548-190,RES,37.4K,1%,0.0625W,TK0,GENERIC",R6H3,1,?,?
"C_RES_0402-A93548-191,RES,3.48K,1%,0.0625W,TK0,GENERIC",R9N4,1,?,?
"C_RES_0402-A93548-192,RES,3.24K,1%,0.0625W,TK0,GENERIC",R3M26,1,?,?
"C_RES_0402-A93548-195,RES,8.25K,1%,0.0625W,TK0,GENERIC",R7H23,1,?,?
"C_RES_0402-A93548-196,RES,9.09K,1%,0.0625W,TK2,GENERIC",R5F29,1,?,?
"C_RES_0402-A93548-201,EMPTY,806,1%,0.0625W,TK0,GENERIC",R4A9,1,?,?
"C_RES_0402-A93548-206,RES,14K,1%,0.0625W,TK0,GENERIC","R4B20,R5M32",2,?,?
"C_RES_0402-A93548-209,EMPTY,1M,1%,0.0625W,TK0,GENERIC","R1G21,R1P12,R2J25,R2L1,R8J5,R8L3,R8L12,R9V5",8,?,?
"C_RES_0402-A93548-209,RES,1M,1%,0.0625W,TK0,GENERIC","R1G18,R1J3,R1N6,R1P13,R1P17,R1R17,R1W28,R2A1,R2E44,R2M28,R3A2,R3H24,R3L6,R4B27,R5M28,R6F5,R8J1,R9H17,R9U7",19,?,?
"C_RES_0402-A93548-210,EMPTY,1,1%,0.0625W,TK0,GENERIC","R5B39,R6C13",2,?,?
"C_RES_0402-A93548-210,RES,1,1%,0.0625W,TK0,GENERIC","R2C7,R3C8,R3C10,R4C12,R5B35,R5C9-R5C11,R6C12,R9M4,R9M5,R9N10,R9N11",13,?,?
"C_RES_0402-A93548-212,RES,22.6K,1%,0.0625W,TK0,GENERIC","R2F25,R2M2,R2N8,R3U3,R4M47,R8M1,R9P4",7,?,?
"C_RES_0402-A93548-214,EMPTY,68.10K,1%,0.0625W,TK0,GENERIC",R3H10,1,?,?
"C_RES_0402-A93548-214,RES,68.10K,1%,0.0625W,TK0,GENERIC","R2H4,R3G19,R3G20",3,?,?
"C_RES_0402-A93548-220,RES,150K,1%,0.0625W,TK0,GENERIC","R1M27,R9U2",2,?,?
"C_RES_0402-A93548-224,RES,45.3K,1%,0.0625W,TK0,GENERIC",R1M24,1,?,?
"C_RES_0402-A93548-226,EMPTY,499K,1%,0.0625W,TK0,GENERIC",R1L26,1,?,?
"C_RES_0402-A93548-226,RES,499K,1%,0.0625W,TK0,GENERIC","R1L6,R2A2",2,?,?
"C_RES_0402-A93548-227,RES,11K,1%,0.0625W,TK0,GENERIC",R4N23,1,?,?
"C_RES_0402-A93548-250,RES,28.7K,1%,0.0625W,TK0,GENERIC",R6H6,1,?,?
"C_RES_0402-A93548-252,RES,3.9,1%,0.0625W,TK0,GENERIC",R4N17,1,?,?
"C_RES_0402-A93548-254,RES,4.02K,1%,0.0625,TK0,GENERIC",R2L10,1,?,?
"C_RES_0402-A93548-259,RES,402K,1%,0.0625W,TK0,GENERIC",R6U12,1,?,?
"C_RES_0402-A93548-266,RES,52.3K,1%,0.0625W,TK0,GENERIC",R4C1,1,?,?
"C_RES_0402-A93548-275,RES,8.45K,1%,0.0625W,TK0,GENERIC",R6A21,1,?,?
"C_RES_0402-A93548-287,EMPTY,35.7,1%,0.0625W,TK0,GENERIC","R1F30,R1F31,R1P7,R1P9,R1P24,R1P26,R1P28,R1P30,R1P31,R1P36,R1P38,R1P40-R1P42,R1T11,R1T12,R1T21,R1T22,R1T26,R1T28,R1T30-R1T33,R1U13,R1U14,R1U16-R1U19,R1U26-R1U29,R1U32,R1U33,R6J5-R6J8,R6J10-R6J12,R6J14,R6J16,R6J18,R6J19,R6U25,R6V1-R6V6,R6V9,R6V14,R6V17,R6V22,R6V23,R7J10,R7J17,R7J20,R7J22,R7J24,R7J25,R7J47,R7J48,R7J53,R7J57,R7J59,R7W20,R7W21,R8T7-R8T9,R8T11,R8T15-R8T20,R9T7,R9T8",84,?,?
"C_RES_0402-A93548-321,RES,34K,1%,0.0625W,TK0,GENERIC","R1M28,R9U3",2,?,?
"C_RES_0402-A93548-325,EMPTY,75K,1%,0.0625W,TK0,GENERIC",R1B3,1,?,?
"C_RES_0402-A93548-325,RES,75K,1%,0.0625W,TK0,GENERIC","R1B5,R1M6,R4B29",3,?,?
"C_RES_0402-A93548-334,RES,102K,1%,0.0625W,TK0,GENERIC",R7J3,1,?,?
"C_RES_0402-A93548-395,EMPTY,140K,1%,0.0625W,TK0,GENERIC",R5M1,1,?,?
"C_RES_0402-A93548-396,RES,21K,1%,0.0625W,TK0,GENERIC","R4M39,R5G14,R6G19",3,?,?
"C_RES_0402-A93548-402,RES,6.98K,1%,0.0625W,TK0,GENERIC",R1T16,1,?,?
"C_RES_0402-A93548-411,RES,23.2K,1%,0.0625W,TK0,GENERIC",R1N3,1,?,?
"C_RES_0402-A93548-415,RES,4.53K,1%,0.0625W,TK0,GENERIC",R6U21,1,?,?
"C_RES_0402-A93548-416,RES,8.87K,1%,0.0625W,TK0,GENERIC",R5G30,1,?,?
"C_RES_0402-A93548-424,RES,226K,1%,0.0625W,TK0,GENERIC",R4M61,1,?,?
"C_RES_0402-A93548-427,EMPTY,316K,1%,0.0625W,TK0,GENERIC",R2G32,1,?,?
"C_RES_0402-A93548-427,RES,316K,1%,0.0625W,TK0,GENERIC",R2H1,1,?,?
"C_RES_0402-A93548-433,RES,147K,1%,0.0625W,TK0,GENERIC",R8G10,1,?,?
"C_RES_0402-A93548-440,RES,10.7K,1%,0.0625W,TK0,GENERIC",R6U18,1,?,?
"C_RES_0402-A93548-443,RES,162K,1%,0.0625W,TK0,GENERIC","R7B13,R7F27",2,?,?
"C_RES_0402-A93548-449,RES,137K,1%,0.0625W,TK0,GENERIC",R3H2,1,?,?
"C_RES_0402-A93548-458,RES,681K,1%,0.0625W,TK0,GENERIC",R1N8,1,?,?
"C_RES_0402-A93548-481,RES,120K,1%,0.0625W,TK0,GENERIC",R6U9,1,?,?
"C_RES_0402-A93548-491,RES,44.2K,1%,0.0625W,TK0,GENERIC",R3G16,1,?,?
"C_RES_0402-A93548-504,RES,240,1%,0.0625W,TK0,GENERIC","R3U1,R3U2,R4U1,R5U1",4,?,?
"C_RES_0402-A93548-506,RES,36.5K,1%,0.0625W,TK0,GENERIC",R4B9,1,?,?
"C_RES_0402-A93548-507,RES,232K,1%,0.0625W,TK0,GENERIC",R4B23,1,?,?
"C_RES_0402-A93548-515,RES,30K,1%,0.0625W,TK0,GENERIC",R4A12,1,?,?
"C_RES_0402-A93548-516,RES,2.7K,1%,0.0625W,TK0,GENERIC",R9N3,1,?,?
"C_RES_0402-A93548-519,RES,27K,1%,0.0625W,TK0,GENERIC",R3H14,1,?,?
"C_RES_0402-A93548-528,EMPTY,511K,1%,0.0625W,TK0,GENERIC",R1P16,1,?,?
"C_RES_0402-A93548-528,RES,511K,1%,0.0625W,TK0,GENERIC",R9U6,1,?,?
"C_RES_0402-A93548-551,RES,21.5K,1%,0.0625W,TK0,GENERIC",R5H6,1,?,?
"C_RES_0402-A93548-553,RES,180,1%,0.0625W,TK0,GENERIC",R4E1,1,?,?
"C_RES_0402-A93548-568,RES,2.2,1%,0.0625W,TK0,GENERIC","R1F21,R5B33,R6H1,R7B7,R7F32,R8G7",6,?,?
"C_RES_0402-A93548-569,RES,2.05K,1%,0.0625W,TK0,GENERIC",R7A32,1,?,?
"C_RES_0402-A93548-585,EMPTY,97.6K,1%,0.0625W,TK0,GENERIC",R1H22,1,?,?
"C_RES_0402-A93548-585,RES,97.6K,1%,0.0625W,TK0,GENERIC",R1L8,1,?,?
"C_RES_0402-A93548-614,RES,6.8K,1%,0.0625W,TK0,GENERIC",R7H22,1,?,?
"C_RES_0402-A93548-639,RES,22K,1%,0.0625W,TK0,GENERIC",R1P33,1,?,?
"C_RES_0402-A93548-640,RES,33K,1%,0.0625W,TK0,GENERIC",R1L14,1,?,?
"C_RES_0402-A93548-644,RES,300K,1%,0.0625W,TK0,GENERIC",R4B25,1,?,?
"C_RES_0402-A93548-645,RES,160K,1%,0.0625W,TK0,GENERIC",R7J5,1,?,?
"C_RES_0402-A93548-660,RES,5.1,1%,0.0625W,TK0,GENERIC","R1F14,R6G35,R7B22,R8F2,R8G13",5,?,?
"C_RES_0402-A93548-672,RES,36K,1%,0.0625W,TK0,GENERIC","R7B21,R7F26",2,?,?
"C_RES_0402-A93548-677,RES,22,1%,0.0625W,TK0,GENERIC","R5V21,R6T7",2,?,?
"C_RES_0402-A93549-001,EMPTY,0,5%,0.0625W,TK0,GENERIC","R1A1,R1E1,R1E5,R1E6,R1E9,R1E16,R1F3,R1F9,R1F17,R1F24,R1G20,R1G23-R1G27,R1G29,R1H7,R1H14,R1H17,R1H25,R1H30,R1H31,R1H35,R1H45,R1J5,R1J8,R1J16,R1J26,R1J27,R1J33,R1L18,R1L31,R1L35,R1L36,R1L41,R1L51-R1L53,R1N15,R1N21,R1P10,R1R16,R1R42,R1R44,R1T4,R1T9,R1T36,R1U6,R1U7,R1U22,R1U37,R1V2,R1V5,R1V6,R1V11,R1V12,R1V15-R1V17,R1V19-R1V22,R1V26,R1V29,R1V32,R1W4,R1W7-R1W9,R1W11,R1W17,R1W19,R1W21,R1W22,R1W27,R1W41,R1W46,R2B14,R2B19,R2B21,R2E1,R2E21,R2E49,R2E50,R2E58,R2E60,R2F6,R2F15,R2F17,R2F29,R2G13,R2G26-R2G28,R2H6,R2H8,R2H9,R2H44,R2H49,R2J17,R2J18,R2J29,R2J30,R2L3,R2M5,R2M16,R2M23-R2M25,R2M27,R2N9-R2N13,R2P5,R2T14,R2U3,R2V1-R2V3,R2V5,R2V12,R2V15,R2V16,R2V24,R2V28,R2V31,R2V38,R2V43,R2V46,R2W1,R2W13,R2W19,R2W25,R2W34,R2W39,R2W48,R2W56,R3B7,R3B9,R3D5,R3H27,R3H47,R3H64,R3H74,R3H75,R3L5,R3M4,R3M15,R3N3,R3N4,R3U4-R3U6,R3V2,R3V3,R3V5-R3V9,R3V11-R3V13,R3V15,R3V20,R3V25,R3V31,R3V33,R3W9,R4A2,R4A4,R4A15-R4A18,R4A22,R4A25,R4A26,R4B1,R4B22,R4B24,R4B26,R4C5,R4C23,R4C24,R4H10,R4H13,R4J88,R4L1,R4L6,R4L14,R4L18,R4L26,R4L27,R4L30,R4M14,R4M19,R4M32,R4N28,R4N29,R4N36,R4N37,R4U2,R4V1-R4V5,R4W12,R4W14,R4W17,R4W18,R5A2,R5A3,R5A9,R5A10,R5A27,R5A31,R5A32,R5A43,R5A44,R5B2,R5B3,R5B36,R5F37,R5H31,R5J5,R5J6,R5J9,R5J35,R5J39,R5J40,R5J48,R5L10,R5L12,R5L14-R5L18,R5M12,R5M15,R5M20,R5M31,R5M35,R5M39,R5M45,R5M46,R5U10,R5U12-R5U14,R5V2,R5V3,R5V5,R5V9,R5V11,R5V13,R5V16-R5V19,R5V29,R6A20,R6A22,R6B12,R6C2,R6C6,R6C9,R6C11,R6F18,R6G7,R6G9,R6G11,R6G26,R6H2,R6J15,R6L1,R6M1,R6M8,R6M12,R6M14,R6T6,R6T9,R6T20,R6U3-R6U5,R6U24,R6V11-R6V13,R6V25,R6V26,R7A9,R7A11,R7A20,R7B14,R7D3,R7F2,R7F5,R7F7,R7F10,R7F16-R7F18,R7F21,R7F24,R7G17,R7J18,R7J40,R7J52,R7J56,R7L4,R7M1,R7M4,R7N6,R7P1-R7P3,R7T2,R7T3,R7T8,R7U1,R7U5,R7U7,R7W8,R7W9,R7W15,R7W23,R8F7,R8H7,R8J10,R8J28,R8L2,R8N19,R8T2-R8T4,R8T10,R8U4,R8U5,R8U7,R8U8,R8U10,R8U14,R8V14,R8W1,R8W2,R8W4,R8W8,R8W9,R9A11,R9B5,R9B11,R9B17,R9B18,R9C3,R9C16,R9C17,R9C19,R9E30,R9F25,R9F39,R9G2,R9H6,R9H8-R9H10,R9H22,R9H25,R9L5,R9M7,R9N13,R9U12,R9V16,R9V18,R9V20,R9W1,R9W13",384,?,?
"C_RES_0402-A93549-001,EMPTY,0,5%,0.0625W,TK2,GENERIC","R1U10,R1U21,R2P8,R2P9,R3J5,R3J6",6,?,?
"C_RES_0402-A93549-001,RES,0,5%,0.0625W,TK0,GENERIC","R1A2,R1A4,R1B1,R1B2,R1B4,R1E4,R1E7,R1E10,R1E22,R1E37,R1E38,R1F4,R1F12,R1F23,R1F32,R1G9,R1G11,R1G19,R1G22,R1H3-R1H6,R1H10,R1H16,R1H20,R1H26,R1H28,R1H29,R1H32-R1H34,R1H38,R1H43,R1H44,R1J4,R1J11,R1J14,R1J19-R1J25,R1J28,R1J31,R1J37,R1J40,R1J44,R1J46,R1L12,R1L15,R1L23,R1L25,R1L29,R1L30,R1L33,R1L38,R1L39,R1L43,R1L44,R1L48,R1L50,R1L55-R1L57,R1M2,R1M7,R1M8,R1M12,R1M13,R1M16,R1N9,R1N12,R1N23,R1P6,R1P23,R1P25,R1P27,R1P43-R1P46,R1R11,R1R15,R1R21-R1R23,R1R26,R1R27,R1R31,R1R32,R1R35-R1R39,R1R41,R1R43,R1R45-R1R47,R1R49,R1R54,R1T1,R1T2,R1T15,R1T18,R1T20,R1T23-R1T25,R1T29,R1T34,R1T35,R1T37,R1T38,R1T45,R1T46,R1U23,R1U24,R1U30,R1U31,R1U35,R1U36,R1V1,R1V3,R1V4,R1V7,R1V10,R1V13,R1V14,R1V18,R1V24,R1V25,R1V27,R1V30,R1V31,R1V33,R1W2,R1W3,R1W6,R1W14,R1W15,R1W18,R1W30,R1W33,R1W34,R2B2,R2B6,R2B10-R2B12,R2B18,R2C1-R2C6,R2C10-R2C13,R2C16,R2D2-R2D4,R2D11,R2D13,R2E2,R2E6,R2E20,R2E39,R2E40,R2E46,R2E56,R2F2,R2F3,R2F20,R2F21,R2F28,R2F30-R2F33,R2G14-R2G19,R2G21-R2G23,R2G29,R2G30,R2H11,R2H18,R2H23,R2H38-R2H40,R2H42,R2H46-R2H48,R2H52,R2H53,R2J19-R2J24,R2J27,R2J35,R2J38,R2J41,R2J42,R2J44,R2J45,R2L7,R2L13-R2L15,R2L17,R2M7,R2M11,R2M18,R2M20,R2M21,R2N5,R2P1-R2P4,R2P6,R2P12,R2P18,R2R6,R2R44,R2T2,R2T3,R2T5,R2T7,R2T9,R2T10,R2T21,R2T24,R2T26,R2T27,R2T29,R2T30,R2T32,R2T34,R2T36,R2T38,R2V4,R2V7-R2V10,R2V18,R2V20,R2V25-R2V27,R2V29,R2V30,R2V32,R2V37,R2V39-R2V42,R2V44,R2V45,R2V47,R2V48,R2V52,R2V53,R2W11,R2W15,R2W21,R2W22,R2W24,R2W26,R2W35,R2W38,R2W42-R2W44,R2W46,R2W52,R2W55,R3A3,R3B6,R3B8,R3C1-R3C6,R3D2,R3D3,R3G4,R3G5,R3G10,R3G13-R3G15,R3G18,R3H5,R3H8,R3H9,R3H19,R3H28-R3H30,R3H33,R3H59,R3H60,R3H71,R3H73,R3J2,R3J3,R3L2,R3L8-R3L11,R3L13-R3L15,R3M25,R3N1,R3N11,R3N12,R3N14,R3N15,R3P3,R3R5,R3R6,R3V10,R3V17,R3V21,R3V32,R3V34,R3V36,R3V39-R3V42,R3W5,R3W8,R4A10,R4A24,R4A27,R4A28,R4B2,R4B3,R4B18,R4B19,R4B30,R4C8-R4C10,R4C17,R4C21,R4C22,R4D3,R4D4,R4G3-R4G6,R4G9,R4G11-R4G13,R4H2-R4H9,R4H11,R4H12,R4H14,R4J63-R4J66,R4J72-R4J79,R4J81-R4J86,R4J89,R4L4,R4L5,R4L8,R4L11-R4L13,R4L23,R4L24,R4M1-R4M3,R4M5,R4M13,R4M15,R4M18,R4M22,R4M23,R4M36,R4M50,R4M51,R4M55,R4M59,R4M60,R4N1,R4N8,R4N14,R4N16,R4N19,R4N22,R4N24,R4N30-R4N35,R4U3-R4U6,R4V6-R4V10,R4V21,R4V22,R4V25,R4V29,R4V36,R4W16,R4W19,R4W21,R4W30,R4W37,R4W39,R4W46,R5A1,R5A8,R5A22,R5A24,R5A26,R5A29,R5A30,R5A35,R5A38,R5B1,R5B4,R5B5,R5B13,R5B18,R5B20,R5B28,R5B29,R5B38,R5B40,R5C1-R5C8,R5E1,R5E3,R5E5-R5E8,R5F1-R5F5,R5F8,R5F9,R5F11-R5F14,R5F16-R5F18,R5F20,R5F27,R5F32,R5F36,R5G8,R5G10,R5G13,R5G15,R5G17,R5G21,R5G28,R5G29,R5G32,R5G35,R5G36,R5G39,R5G40,R5G42,R5G43,R5H2,R5H4,R5H8,R5H9,R5H11,R5H14,R5H17-R5H22,R5H25,R5H28-R5H30,R5J7,R5J36,R5J37,R5J41-R5J45,R5J49,R5J52,R5L2,R5L9,R5L13,R5M2,R5M3,R5M5,R5M7,R5M21,R5M24,R5M43,R5N1,R5U3,R5U4,R5U7-R5U9,R5U11,R5U16,R5U17,R5V1,R5V6,R5V8,R5V24,R5V28,R5V30-R5V33,R5V38,R5V39,R5W15,R5W17,R5W21,R5W22,R5W25,R5W28,R6A8,R6A17-R6A19,R6A23,R6A24,R6B5,R6B11,R6B13,R6B21,R6B24,R6B30,R6B35,R6B36,R6C1,R6C3,R6C5,R6C10,R6F3,R6F4,R6F6,R6F8,R6F20,R6F21,R6F24,R6F26,R6G2,R6G16,R6G23,R6G24,R6G27,R6G30,R6H5,R6H7,R6M4,R6M10,R6M13,R6M16,R6M24,R6N1,R6P1,R6P2,R6T3,R6T5,R6T13,R6U8,R6U11,R6U14,R6U15,R6U19,R6U20,R6U22,R6V7,R6V8,R6V10,R6V18,R6V20,R6V27,R6V28,R6W4,R6W5,R7A6,R7A24,R7A29,R7A31,R7B17,R7B20,R7B23,R7C1,R7C4,R7C12,R7C13,R7C15,R7C17,R7D4,R7F8,R7F9,R7F11,R7F15,R7F31,R7G4-R7G6,R7G10,R7G14,R7G16,R7G21-R7G23,R7H7-R7H12,R7H15,R7H17,R7H21,R7J1,R7J12,R7J15,R7J16,R7J19,R7J23,R7J54,R7J58,R7L2,R7L3,R7M5,R7M6,R7N9,R7N12,R7N14,R7R1,R7T4,R7T11,R7U4,R7U8,R7W5,R7W6,R7W14,R7W25,R7W37,R8A1,R8A6,R8A9,R8A11,R8A13,R8A14,R8B3,R8B8,R8B12,R8C7,R8E7,R8E11-R8E17,R8G1,R8G8,R8H1,R8H3,R8H5,R8H6,R8H9,R8H16,R8H17,R8J2,R8J4,R8J9,R8J13,R8J25,R8J26,R8J30-R8J34,R8L6,R8L13,R8M2,R8N3,R8N8,R8N14,R8N16,R8P3,R8P6,R8P16,R8P17,R8P20-R8P22,R8R1,R8T1,R8T6,R8T14,R8T22,R8U1,R8U6,R8U9,R8U15,R8U16,R8V6,R8V13,R8W3,R8W5-R8W7,R9A1,R9A2,R9A6-R9A10,R9A12,R9B10,R9B13-R9B16,R9B19,R9C1,R9C9,R9C12,R9C18,R9D2,R9D3,R9D7,R9D10,R9D13-R9D16,R9E8-R9E10,R9E22-R9E25,R9E34-R9E36,R9E40-R9E43,R9F26-R9F28,R9F34-R9F36,R9F38,R9G4,R9G29,R9G30,R9H2,R9H3,R9H7,R9H11,R9H28,R9H29,R9H31,R9H33,R9H34,R9J1,R9J3-R9J7,R9L6,R9M1-R9M3,R9M6,R9N7,R9N12,R9P6,R9P8,R9P9,R9R4,R9R13,R9R15-R9R18,R9T2,R9U8-R9U11,R9V2-R9V4,R9V6,R9V9,R9V17,R9V19,R9W3,R9W11,R9W12",885,?,?
"C_RES_0402-A93549-001,RES,0,5%,0.0625W,TK2,GENERIC","R1N7,R1P11,R2N2,R2N4,R2P11,R2P13,R2U1,R2U2,R4G2,R7F6,R9F19,R9G8,R9G11,R9G15,R9G16,R9G18-R9G21",19,?,?
"C_RES_0402-A93549-002,EMPTY,10,5%,0.0625W,TK0,GENERIC","R4N5,R4N27,R6A11,R6A15,R6A27,R6A28,R7A23,R7A28,R7A33,R7A34",10,?,?
"C_RES_0402-A93549-002,RES,10,5%,0.0625W,TK0,GENERIC","R1L1,R1L2,R1L4,R1L5,R1L10,R1L13,R1L20,R1L21,R2D7,R2E12,R2E17,R2E26,R2E27,R2E31,R2P16,R2P17,R2R3,R2R8,R2R19,R2R22,R2T11,R3M12,R3M16,R3M20,R3M22,R3M23,R3M27,R4M38,R4M41,R4M42,R4M48,R4M53,R4M56-R4M58,R4N2-R4N4,R4N6,R4N7,R5B9,R5B10,R5B15,R5F31,R5G12,R5G19,R5G20,R5G22,R5G23,R5G27,R5G38,R5H3,R5H12,R5H13,R6A3,R6A4,R6A6,R6A7,R6A10,R6A14,R6A25,R6A26,R6A32-R6A35,R6B6-R6B9,R6B14,R6B15,R6B17,R6U23,R7A12,R7A13,R7A16,R7A17,R7A22,R7A27,R7A35,R7A36,R7J11,R7J13",84,?,?
"C_RES_0402-A93549-005,EMPTY,33,5%,0.0625W,TK0,GENERIC","R1W10,R1W13,R1W16,R2H5",4,?,?
"C_RES_0402-A93549-005,RES,33,5%,0.0625W,TK0,GENERIC",R4J90,1,?,?
"C_RES_0402-A93549-005,RES,33,5%,0.0625W,TK2,GENERIC",R5V22,1,?,?
"C_RES_0402-A93549-006,RES,47,5%,0.0625W,TK0,GENERIC","R5J38,R5J51",2,?,?
"C_RES_0402-A93549-007,EMPTY,51,5%,0.0625W,TK0,GENERIC","R1E20,R1F22,R1F26,R1T27,R2E51,R2F24,R2T22",7,?,?
"C_RES_0402-A93549-009,RES,100,5%,0.0625W,TK0,GENERIC","R1F15,R2B13,R2D12,R4C2,R4C3,R4M33,R4M40,R4N20,R5F28,R5G11,R5G33,R6G21,R7J4,R7J14",14,?,?
"C_RES_0402-A93549-009,RES,100,5%,0.0625W,TK2,GENERIC","R2B23,R2D1,R9G13",3,?,?
"C_RES_0402-A93549-012,EMPTY,330,5%,0.0625W,TK0,GENERIC","R1A9,R1W39,R1W40,R2M14",4,?,?
"C_RES_0402-A93549-012,RES,330,5%,0.0625W,TK0,GENERIC","R1A11,R2G12,R2H22,R2H36,R2J5,R2J6,R2J37,R2M13,R2M22,R5H24,R6G12,R9V21,R9W2",13,?,?
"C_RES_0402-A93549-013,EMPTY,470,5%,0.0625W,TK2,GENERIC",R4G1,1,?,?
"C_RES_0402-A93549-013,RES,470,5%,0.0625W,TK0,GENERIC","R1R40,R1R48",2,?,?
"C_RES_0402-A93549-016,EMPTY,1K,5%,0.0625W,TK0,GENERIC","R1J9,R1J15,R1N4,R1P14,R1R20,R2F8,R2W5,R2W6,R5A16,R5A17,R5M26,R5M27,R6G6,R6G8,R6M5,R6M6,R7W3,R7W4,R8J8,R8J17,R9F40,R9H23,R9U4,R9U5",24,?,?
"C_RES_0402-A93549-016,RES,1K,5%,0.0625W,TK0,GENERIC","R1A10,R1G12,R1G13,R1N1,R1N16,R1P15,R1P35,R1P37,R1U15,R1U20,R2E59,R2E63,R2G6,R2G11,R2J28,R2J31,R2N7,R2T37,R2W7,R3G1-R3G3,R3G6-R3G9,R3G11,R3G12,R3N5,R3N6,R4G7,R4G8,R4M4,R6J3,R6J4,R7A25,R7A30,R7F1,R8L11,R9F33,R9F37,R9G14,R9G17",43,?,?
"C_RES_0402-A93549-016,RES,1K,5%,0.0625W,TK2,GENERIC","R1H21,R2H55,R2H56,R2J1,R2J12-R2J14",7,?,?
"C_RES_0402-A93549-023,EMPTY,10K,5%,0.0625W,TK0,GENERIC","R1G16,R1H23,R1J45,R1L32,R1L47,R1L54,R1R50,R1R51,R1T17,R1W31,R2B9,R2F34,R2G4,R2G25,R2H45,R2J36,R2J39,R2M19,R2V6,R2V11,R2V13,R2V14,R2V21-R2V23,R2V33,R2V35,R2W3,R2W9,R2W32,R3H3,R3H4,R3H11,R3H15,R3H16,R3H21,R3H22,R3H25,R3H34,R3H36,R3H41,R3H44,R3H48,R3H50,R3H51,R3H54,R3H56,R3H57,R3H69,R3V29,R3V35,R3V37,R3V38,R3W1,R3W2,R3W4,R4B8,R4M10,R4M11,R5A28,R5B12,R5B30,R5L1,R5L3,R5M9,R5M10,R5M29,R5M36,R5M38,R5V4,R6B4,R6B31,R6G20,R6G29,R6M9,R6M21,R6M22,R6T18,R6T19,R6T21,R6U6,R6U7,R6W6-R6W9,R7A4,R7B6,R7B30,R7B32,R7B37,R7F29,R7G13,R7G15,R7N19,R7T9,R7U9,R7W7,R7W11,R7W16-R7W18,R7W27,R7W31,R7W32,R8A5,R8H4,R8H15,R8J23,R8J24,R8L10,R8N9,R8P4,R8V12,R8V15,R9B8,R9C10,R9E6,R9E7,R9F24,R9G10,R9H21,R9H24,R9H27,R9L7,R9R5,R9R10,R9T6",128,?,?
"C_RES_0402-A93549-023,EMPTY,10K,5%,0.0625W,TK2,GENERIC","R1J6,R2J7,R5J1-R5J4,R5V41,R7B18,R8U17,R8U19",10,?,?
"C_RES_0402-A93549-023,RES,10K,5%,0.0625W,TK0,GENERIC","R1B6,R1E2,R1E3,R1E21,R1G17,R1J13,R1J32,R1J51,R1L24,R1L27,R1L28,R1L37,R1L42,R1M23,R1N25,R1P3,R1P4,R1P20,R1P22,R1P47,R1R10,R1U9,R1U34,R1V23,R1V28,R1W5,R1W43,R1W44,R2B8,R2C14,R2E62,R2H7,R2H14,R2H15,R2H19,R2H41,R2J26,R2J40,R2M6,R2W2,R2W8,R2W10,R3G21,R3H1,R3H6,R3H7,R3H12,R3H17,R3H20,R3H23,R3H31,R3H32,R3H35,R3H42,R3H43,R3H45,R3H46,R3H49,R3H52,R3H53,R3H55,R3H58,R3H67,R3H68,R3H70,R3W3,R3W6,R3W7,R4B7,R4G10,R4H1,R4M6,R5U6,R6A13,R6A16,R6B3,R6B16,R6G18,R6G32,R6T1,R6T17,R6T25,R6V29,R7A18,R7B2,R7B10,R7B16,R7B25,R7B38,R7C2,R7C3,R7C5,R7C6,R7D5,R7D6,R7D8,R7D12,R7G11,R7J41,R7L1,R7N2,R7N8,R7N18,R7U2,R7W13,R7W22,R8C6,R8D2,R8E9,R8E10,R8G9,R8H2,R8H8,R8L4,R8L5,R8L8,R8N7,R8P8,R8P9,R8P18,R8P19,R8T21,R8U2,R8U3,R8V9,R9C13,R9C15,R9D9,R9E3,R9E20,R9F32,R9F41,R9H26,R9H30,R9R8,R9R9,R9V1,R9V11",138,?,?
"C_RES_0402-A93549-023,RES,10K,5%,0.0625W,TK2,GENERIC","R2H50,R2H51,R2H54,R2J2,R2J3,R2J9,R2V49,R2V50,R8U18,R8V2,R8V3",11,?,?
"C_RES_0402-A93549-026,RES,33K,5%,0.0625W,TK0,GENERIC","R3A1,R3A7,R3A10,R3B1,R3M5,R4A29,R4A30,R4B10",8,?,?
"C_RES_0402-A93549-027,EMPTY,100K,5%,0.0625W,TK0,GENERIC","C7N2,R1L58,R1M11,R1N17,R1N18,R1P8,R1P32,R2C15,R2G20,R2H10,R2N6,R2P14,R3H18,R3L1,R4B21,R4M21,R4M24,R4M28,R4M29,R5A39,R5F19,R5H7,R5V7,R5V12,R6C7,R6F12,R6G28,R6T16,R6T24,R6T26,R7F23,R7J51,R7T7,R7T10,R7W36,R9D8,R9D12,R9G5",38,?,?
"C_RES_0402-A93549-027,RES,100K,5%,0.0625W,TK0,GENERIC","R1H11,R1H12,R1J35,R1J43,R1J53,R1M4,R1M9,R1N20,R1V8,R1V9,R2G31,R2H17,R2L2,R2M17,R2N3,R2P10,R3H26,R3H39,R3H40,R3H72,R4M31,R5A25,R5A41,R5B14,R5U2,R5U5,R5V10,R6B18,R6F22,R6G1,R6G10,R6V15,R6V16,R7B3,R7B9,R7B15,R7B19,R7F30,R7J45,R7W38,R8F6,R9C23,R9D11,R9G3,R9P5,R9T1,R9V7,R9V12",48,?,?
"C_RES_0402-A93549-030,EMPTY,20,5%,0.0625W,TK0,GENERIC","R2E61,R2E67,R2E69,R2E73,R5W1,R5W3",6,?,?
"C_RES_0402-A93549-030,RES,20,5%,0.0625W,TK0,GENERIC","R1G14,R1G15,R2E64-R2E66,R2E74",6,?,?
"C_RES_0402-A93549-036,EMPTY,20K,5%,0.0625W,TK2,GENERIC","R1R13,R2R18",2,?,?
"C_RES_0402-A93549-037,EMPTY,47K,5%,0.0625W,TK0,GENERIC","R2R40,R5B22,R5B25,R5B26,R6B22,R6B25,R6B27,R7J49",8,?,?
"C_RES_0402-A93549-041,RES,1.5K,5%,0.0625W,TK0,GENERIC","R2W23,R2W29,R8T13,R9B3,R9B4,R9C11,R9C14",7,?,?
"C_RES_0402-A93549-069,RES,15,5%,0.0625W,TK0,GENERIC","R2J46,R4M27,R4M35",3,?,?
"C_RES_0402-A93549-073,RES,30,5%,0.0625W,TK0,GENERIC","R1M1,R1M14",2,?,?
"C_RES_0402-A93549-084,RES,330K,5%,0.0625W,TK0,GENERIC","R4C18,R7F12",2,?,?
"C_RES_0402-A93549-085,RES,5.1K,5%,0.0625W,TK0,GENERIC","R4C15,R9N8",2,?,?
"C_RES_0402-A93549-093,RES,160,5%,0.0625W,TK0,GENERIC","R2D8,R4M26",2,?,?
"C_RES_0402-A93549-111,EMPTY,100,5%,0.1W,TK0,GENERIC","R2W18,R2W47",2,?,?
"C_RES_0402-A93549-180,RES,56K,5%,0.0625W,TK0,GENERIC","R3M6,R4A23,R4B11",3,?,?
"C_RES_0402-A93549-184,RES,82,5%,0.0625W,TK0,GENERIC",R4M34,1,?,?
"C_RES_0402-A93549-202,EMPTY,68K,1%,0.0625W,TK0,GENERIC","R1E29,R1E30,R1E32,R1F34,R1F37,R2G3",6,?,?
"C_RES_0402-A93549-202,RES,68K,1%,0.0625W,TK0,GENERIC","R1E17,R1E19,R1E27,R1F36,R1G6,R2G5",6,?,?
"C_RES_0402-C79651-071,RES,4.75K,0.1%,0.0625W,TK0,GENERIC","R9P7,R9T3",2,?,?
"C_RES_0402-G21497-004,EMPTY,4.7K,5%,0.0625W,TK0,GENERIC",R8H12,1,?,?
"C_RES_0402-G21497-004,RES,4.7K,5%,0.0625W,TK0,GENERIC",R8V16,1,?,?
"C_RES_0402-G21497-045,EMPTY,2.2K,5%,0.0625W,TK0,GENERIC","R1A5,R1A7,R1H36,R1H37,R1J7,R2H26,R4L29,R4L33,R5V25,R5V40,R6J1,R6J2,R7W26,R7W29,R8L1,R9A3,R9A4,R9G9,R9G12,R9L1,R9L4,R9L8",22,?,?
"C_RES_0402-G21497-045,RES,2.2K,5%,0.0625W,TK0,GENERIC","R1G28,R1J17,R1N24,R2P7,R2T35,R2V19,R5J46,R5J53,R6G13,R6G14,R7W33,R7W34,R8D1,R8D3,R8D7,R8D8,R8J14,R8J29,R9D4,R9F29,R9G27,R9G28,R9H4,R9H5,R9H18,R9R11,R9R20,R9V15",28,?,?
"C_RES_0402-G21497-045,RES,2.2K,5%,0.0625W,TK2,GENERIC","R2F41,R2F42",2,?,?
"C_RES_0402-G21796-009,RES,150,1%,0.0625W,TK0,GENERIC",R6T4,1,?,?
"C_RES_0402-G21796-031,RES,13.3K,1%,0.0625W,TK0,GENERIC",R6B1,1,?,?
"C_RES_0402-G21796-214,RES,2.8K,1%,0.0625W,TK2,GENERIC",R6A1,1,?,?
"C_RES_0402-G21796-296,EMPTY,4.7K,1%,0.0625W,TK0,GENERIC","R1J48,R1T7,R1W38,R2E7,R2E75,R2F4,R2F35,R2F37,R2F39,R2F40,R2R39,R2T12,R2T15,R2T33,R7J35,R7U3,R7W1,R7W2,R8V4,R8V5",20,?,?
"C_RES_0402-G21796-296,EMPTY,4.7K,1%,0.0625W,TK2,GENERIC","R1U5,R1U8",2,?,?
"C_RES_0402-G21796-296,RES,4.7K,1%,0.0625W,TK0,GENERIC","R1W29,R2E30,R2F38,R2T25,R2W41",5,?,?
"C_RES_0402-G21796-299,RES,3.3K,1%,0.0625W,TK0,GENERIC",R6G15,1,?,?
"C_RES_0402-G21796-322,RES,1.43K,1%,0.0625W,TK0,GENERIC",R5F30,1,?,?
"C_RES_0402-G21796-410,EMPTY,4.7,1%,0.0625W,TK0,GENERIC","R5G5,R5H5",2,?,?
"C_RES_0402-G21796-410,RES,4.7,1%,0.0625W,TK0,GENERIC",R6F17,1,?,?
"C_RES_0402-G21796-442,RES,51K,1%,0.0625W,TK0,GENERIC",R6F10,1,?,?
"C_RES_0402-G21796-485,RES,1.2K,1%,0.0625W,TK0,GENERIC",R6F9,1,?,?
"C_RES_0402-G21796-498,RES,430,1%,0.0625W,TK2,GENERIC","R2E11,R2R4,R2R16,R2R17,R2R26",5,?,?
"C_RES_0603-A93550-095,RES,3.01K,1%,0.1W,TK0,GENERIC",R9H32,1,?,?
"C_RES_0603-A93550-152,EMPTY,37.4K,1%,0.1W,TK0,GENERIC",R9N9,1,?,?
"C_RES_0603-A93550-153,RES,39.2K,1%,0.1W,TK0,GENERIC",R9C8,1,?,?
"C_RES_0603-A93550-324,RES,1,1%,0.1W,TK0,GENERIC","R8N6,R8N15",2,?,?
"C_RES_0603-A93550-355,RES,7.68K,1%,0.1W,TK0,GENERIC",R9C4,1,?,?
"C_RES_0603-A93550-473,EMPTY,2.2,1%,0.1W,TK0,GENERIC","R2C8,R3C9,R3C11,R3C13,R4C13,R4C14,R5C12-R5C14,R6C14",10,?,?
"C_RES_0603-A93550-501,EMPTY,4.7,1%,0.1W,TK0,GENERIC","R6F25,R7H2,R7H3",3,?,?
"C_RES_0603-A93550-501,RES,4.7,1%,0.1W,TK0,GENERIC",R3L12,1,?,?
"C_RES_0603-A93551-022,RES,75,5%,0.1W,TK0,GENERIC","R9C24,R9C25,R9C29-R9C31,R9D1",6,?,?
"C_RES_0603-A93551-025,EMPTY,100,5%,0.1W,TK0,GENERIC",R6F23,1,?,?
"C_RES_0603-A93551-037,RES,330,5%,0.1W,TK0,GENERIC","R1U25,R1V35,R1W1,R8L9,R8U11,R8U12",6,?,?
"C_RES_0603-A93551-049,EMPTY,1K,5%,0.1W,TK0,GENERIC","R1F25,R1F29,R2B1,R2E32,R2E48,R3B3,R4C19,R4M45,R5G26,R7B27,R8G6,R8N2,R8N5",13,?,?
"C_RES_0603-A93551-049,RES,1K,5%,0.1W,TK0,GENERIC","R1J49,R2M26",2,?,?
"C_RES_0603-A93551-073,RES,10K,5%,0.1W,TK0,GENERIC","R2N18,R3N13,R4P1,R4P2,R8G2",5,?,?
"C_RES_0603-A93551-129,EMPTY,3.3,5%,0.1W,TK0,GENERIC",R6G5,1,?,?
"C_RES_0603-A93551-141,RES,10M,5%,0.1W,TK0,GENERIC",R2E18,1,?,?
"C_RES_0603-D71825-002,EMPTY,0.01,1%,0.1W,TK0,GENERIC",R2W30,1,?,?
"C_RES_0603-E72147-002,EMPTY,0,JUMPER,0.1W,TK0,GENERIC","R1A8,R2E34,R2E35,R2E42,R2E70,R3P4,R3V26,R4D10,R4D11,R5A34,R5F33,R5T8,R6R3,R6R4,R7C20,R8N4,R8N11,R8V7,R9A5,R9G22,R9H14",21,?,?
"C_RES_0603-E72147-002,RES,0,JUMPER,0.1W,TK0,GENERIC","R1E34,R1L45,R1L46,R1L49,R1P21,R1R28,R1U3,R1U4,R2J8,R2J43,R2J47,R2W4,R3A9,R3V23,R5A11,R5A33,R5F15,R5H16,R5T1,R5V43,R5W13,R5W20,R6F15,R6R2,R7B31,R7N7,R7N10,R7W35,R8F1,R8G14,R8U13,R9G23,R9H13",33,?,?
"C_RES_0603-G22026-041,EMPTY,10,1%,0.1W,TK0,GENERIC",R7H5,1,?,?
"C_RES_0603-G22026-041,RES,10,1%,0.1W,TK0,GENERIC","R3L3,R7H6,R8N18",3,?,?
"C_RES_0603-G22178-002,EMPTY,0,5%,0.1W,TK0,GENERIC","R1A6,R1N11,R1U11,R2E47,R2W28,R4J71,R4J80,R4J87,R4W3,R4W4,R4W8-R4W10,R4W20,R4W24,R4W26-R4W28,R5M37,R6C16,R6M18,R6W11,R7J39",23,?,?
"C_RES_0603-G22178-002,EMPTY,0,5%,0.1W,TK2,GENERIC",R7J46,1,?,?
"C_RES_0603-G22178-002,RES,0,5%,0.1W,TK0,GENERIC","R1E28,R1H47,R1J29,R1J30,R1N13,R1T14,R1U12,R2C9,R2J4,R2W31,R3C12,R3C14,R3H61,R4C16,R4H16,R4H18,R4J62,R4J91,R4M30,R4W2,R4W5,R4W11,R4W13,R4W15,R4W22,R4W25,R4W29,R4W38,R5B21,R5C15-R5C17,R5V34,R5V42,R6B29,R6C15,R6G31,R6U13,R6V24,R6W10,R7B34,R7C11,R7F19,R7J34,R9G7",45,?,?
"C_RES_0603-G22178-002,RES,0,5%,0.1W,TK2,GENERIC","R1H46,R6A31,R7J55",3,?,?
"C_RES_0603-H31623-007,EMPTY,0,JUMPER,0.5W,TK0,GENERIC","R2M3,R3P1,R4V23,R4V33,R5G3,R5G24,R5W5,R6M23,R6W1,R7F14,R7G2,R7N3,R7N11,R8E4,R8G3,R8G5,R9B6,R9C27",18,?,?
"C_RES_0603-H31623-007,RES,0,JUMPER,0.5W,TK0,GENERIC","R2M4,R4V34,R4V35,R5G4,R5G31,R5W4,R6M25,R6W2,R7B28,R7F3,R7F4,R7G1,R7N1,R7N13,R7W24,R8B1,R8E2,R8G4,R9B12,R9C22,R9C28,R9G6",22,?,?
"C_RES_0805-A93554-025,EMPTY,100,0.1%,0.125W,TK0,GENERIC","R2N19,R3D4,R4C25,R4D7,R4D9,R4P3,R5F38",7,?,?
"C_RES_0805-A93554-025,RES,100,0.1%,0.125W,TK0,GENERIC","R7G27,R8F4",2,?,?
"C_RES_0805-G47274-024,RES,0,5%,0.5W,TK0,GENERIC","R7C10,R8B14",2,?,?
"C_RES_1206-G52199-016,RES,0,5%,1W,TK0,GENERIC","R1N10,R1P29,R3B2,R9G24,R9G26",5,?,?
"C_RES_2010-K86770-002,EMPTY,0,JUMPER,2W,TK2,GENERIC",R3B4,1,?,?
"C_RES_2512-H42103-003,RES,0,5%,2W,TK0,GENERIC",R2L21,1,?,?
"C_RES_4TERM_0603_SM-K72583-001,RES,0.01,1%,0.1W,TK0,GENERIC","R1E39,R1J1,R1J2,R1J10,R1N14,R1N19,R1N22,R1P34,R1P39,R1P48,R1R14,R2C18,R2E33,R2E52,R2E71,R2M29,R2W16,R2W40,R2W50,R3C7,R3C15,R4C6,R4C7,R4C20,R4H17,R4H20,R4N18,R4R1,R4R2,R4V31,R5A12,R5A15,R5A23,R5B31,R5B37,R5C18,R5F6,R5G7,R5G16,R5H10,R5J19,R5M40,R5V27,R5W7,R5W12,R6B32,R6F19,R6M19,R6N3,R6R1,R6T2,R6W3,R6W12,R7F20,R7J50,R7W10,R8E3,R8P13,R9B7,R9B9,R9B20,R9C20,R9C26,R9G25,R9H12,R9J2,R9P1,R9R21,R9U1",69,?,?
"C_RES_4TERM_0603_SM-K72731-001,EMPTY,0.022,1%,0.4W,TK0,GENERIC",R5M44,1,?,?
"C_RES_4TERM_0603_SM-K72731-001,RES,0.022,1%,0.4W,TK0,GENERIC","R2E28,R2E36,R5H26,R5W6,R5W14,R6F13",6,?,?
"C_RES_4TERM_0805_SM-H42966-004,RES,0.005,1%,0.125W,TK0,GENERIC","R2M1,R5F23,R5F24,R5G6,R5G18,R6F16,R6N2,R6U2,R7G3,R7N17,R8N1,R8P23,R9E17",13,?,?
"C_RES_4TERM_0805_SM-M66539-001,RES,0.005,1%,0.5W,TK0,GENERIC","R1M25,R1P5",2,?,?
"C_RES_4TERM_0805_SM-N12473-001,RES,0.004,1%,0.5W,TK0,GENERIC","R4D8,R8M5",2,?,?
"C_RES_4TERM_1206_SM-M69103-001,RES,0.002,1%,0.5W,TK0,GENERIC","R1F28,R3B11,R3P2,R4C4,R5G1,R5G2,R7B33,R7H4,R7H20",9,?,?
"C_RES_4TERM_1206_SM-M72045-001,RES,0.003,1%,1W,TK0,GENERIC",R8N17,1,?,?
"C_RES_4TERM_2010_SM-E30969-002,RES,0.001,1%,1W,TK0,GENERIC","R7G26,R7H1",2,?,?
"C_RES_4TERM_2010_SM-H48869-001,RES,0.002,1%,1W,TK0,GENERIC","R3B5,R3B10,R4B12,R4B28",4,?,?
"C_RES_4TERM_2512_SM-G67750-008,RES,0.005,1%,1W,TK0,GENERIC",R3A8,1,?,?
"C_RES_4TERM_2512_SM-M70118-001,EMPTY,0.002,1%,2W,TK0,GENERIC",R6D1,1,?,?
"C_RES_4TERM_2512_SM-M70118-001,RES,0.002,1%,2W,TK0,GENERIC","R2C17,R3C22,R3C23,R4D5,R4D6,R5D5-R5D7",8,?,?
"C_RES_4TERM_2512_SM-M76868-001,RES,0.01,1%,2W,TK0,GENERIC",R2L20,1,?,?
"C_RES_4TERM_2512_TH-M69026-001,RES,0.001,1%,2W,TK0,GENERIC",R3D1,1,?,?
"C_RES_TRIPAD_0201-C48657-027,EMPTY,0,1%,0.05W,TK0,GENERIC","R1H1,R1H9,R1H13,R1H19,R1R29,R1R30,R1U1,R1U2,R2D5,R2D9,R2H21,R2H25,R2R33,R2R36,R3R2,R3R3,R3R7,R3R10,R5A4-R5A7,R5A13,R5A14,R5A20,R5A21,R6D3,R6D5,R6D7,R6D9,R6D11,R6D13,R6D15,R6D17,R6T27,R6T28,R7A2",37,?,?
"C_RES_TRIPAD_0201-C48657-027,RES,0,1%,0.05W,TK0,GENERIC","R1H2,R1H8,R1H15,R1H18,R2D6,R2D10,R2H20,R2H24,R2R32,R2R35,R3E10,R3E12,R3R1,R3R4,R3R8,R3R11,R6D2,R6D4,R6D6,R6D8,R6D10,R6D12,R6D14,R6D16,R7A3",25,?,?
"C_RES_TRIPAD_0201-C48657-037,EMPTY,4.7K,1%,0.05W,TK0,GENERIC",R2R31,1,?,?
"C_RES_TRIPAD_0201-C80792-011,EMPTY,100K,5%,0.05W,TK0,GENERIC",R2R30,1,?,?
"C_RES_TRIPAD_0402-A93548-023,EMPTY,1K,1%,0.0625W,TK0,GENERIC",R2F22,1,?,?
"C_RES_TRIPAD_0402-A93548-034,EMPTY,10K,1%,0.0625W,TK0,GENERIC",R2H3,1,?,?
"C_RES_TRIPAD_0402-A93548-053,EMPTY,20,1%,0.0625W,TK0,GENERIC","R2E22,R2E24",2,?,?
"C_RES_TRIPAD_0402-A93548-053,RES,20,1%,0.0625W,TK0,GENERIC","R2E41,R2E54",2,?,?
"C_RES_TRIPAD_0402-A93548-181,EMPTY,20K,1%,0.0625W,TK0,GENERIC","R2E5,R2E9,R2E10",3,?,?
"C_RES_TRIPAD_0402-A93549-001,EMPTY,0,5%,0.0625W,TK0,GENERIC","R1E11,R1E24,R1E31,R1F2,R1F5,R1F10,R1F11,R1F13,R1H39,R1H40,R1L34,R1M15,R1M17,R1M18,R1M20,R1M22,R1R24,R1R25,R1T40-R1T42,R1T44,R1W24,R2B16,R2B17,R2E43,R2E45,R2E53,R2E55,R2E72,R2F1,R2F7,R2F9,R2F11,R2F16,R2F19,R2G7,R2G9,R2H13,R2H31,R2J10,R2J11,R2J16,R2M8,R2M10,R2M15,R2P19,R2R43,R2R46-R2R48,R2T4,R2T6,R2T8,R2T13,R2T18,R2T28,R2V34,R3H63,R3H65,R3M8-R3M11,R3M14,R3M18,R3M19,R3M21,R3N9,R3N10,R3V14,R3V18,R3V28,R4B14,R4B16,R4H15,R4J5-R4J10,R4J12-R4J19,R4J22,R4J23,R4J26,R4J27,R4J30-R4J43,R4J45,R4J46,R4J50,R4J51,R4J58-R4J61,R4J67-R4J70,R4N13,R4N15,R4V12-R4V15,R4V18,R4V27,R4V28,R4V30,R4W6,R4W7,R4W32-R4W34,R4W36,R4W41-R4W43,R4W45,R5A36,R5A42,R5J10-R5J13,R5J17,R5J18,R5J24-R5J27,R5J31-R5J34,R5L4,R5M14,R5M16,R5M18,R5M22,R5M34,R5M41,R5V26,R5V35,R5W8-R5W10,R5W16,R5W19,R5W24,R5W26,R5W27,R5W29,R5W30,R5W32,R6B19,R6B20,R6M2,R6M15,R6T14,R6T15,R7A7,R7A37,R7B36,R7D11,R7G7,R7G9,R7G19,R7H13,R7H16,R7J26,R7J31,R7J36-R7J38,R7J43,R7J44,R7M3,R7N4,R7N15,R7V2,R7V4,R7W12,R8A2,R8A4,R8A7,R8B6,R8B16,R8B17,R8C2,R8D5,R8D9,R8D10,R8H10,R8H11,R8H13,R8H14,R8H18,R8J6,R8J15,R8M3,R8M6,R8N13,R8P2,R8P11,R9B1,R9C2,R9D25,R9D26,R9F9,R9F10,R9H19,R9L2,R9V8,R9V14,R9W7",237,?,?
"C_RES_TRIPAD_0402-A93549-001,RES,0,5%,0.0625W,TK0,GENERIC","R1E8,R1F6,R1F8,R1H41,R1H42,R1J12,R1M10,R1M19,R1M21,R1T39,R1T43,R1W23,R2B15,R2D16,R2E23,R2E25,R2E57,R2E68,R2E77,R2F10,R2F12-R2F14,R2F18,R2F23,R2G8,R2G10,R2H30,R2J15,R2R45,R2T1,R2T17,R2V36,R3H62,R3H66,R3M7,R3M17,R3N7,R3N8,R3V16,R3V19,R3V30,R4B15,R4B17,R4H19,R4J1,R4J2,R4J20,R4J21,R4J24,R4J25,R4J28,R4J29,R4J44,R4J47-R4J49,R4J52-R4J57,R4V11,R4V16,R4V17,R4V19,R4V20,R4V24,R4V32,R4W31,R4W35,R4W40,R4W44,R5A37,R5A40,R5B23,R5B24,R5J15,R5J16,R5J21,R5J22,R5J28,R5J29,R5L5,R5M11,R5M13,R5M17,R5M23,R5M33,R5M42,R5V14,R5V36,R5W11,R5W18,R5W23,R5W31,R6B10,R6M3,R6M7,R6M17,R6T8,R6T10-R6T12,R7A1,R7B1,R7B35,R7G8,R7G18,R7H14,R7J27,R7J30,R7J32,R7J33,R7J42,R7M2,R7N5,R7N16,R7V1,R7V3,R7W19,R8A3,R8B5,R8B15,R8B18,R8C4,R8C5,R8D4,R8D11,R8H21,R8J7,R8J16,R8M4,R8N12,R8P1,R8P14,R9B2,R9C7,R9C32,R9C33,R9H20,R9L3,R9V10,R9V13,R9W6",146,?,?
"C_RES_TRIPAD_0402-A93549-002,EMPTY,10,5%,0.0625W,TK0,GENERIC","R5B16,R5B17",2,?,?
"C_RES_TRIPAD_0402-A93549-002,RES,10,5%,0.0625W,TK0,GENERIC","R6B26,R6B28",2,?,?
"C_RES_TRIPAD_0402-A93549-005,EMPTY,33,5%,0.0625W,TK0,GENERIC",R2D15,1,?,?
"C_RES_TRIPAD_0402-A93549-005,RES,33,5%,0.0625W,TK0,GENERIC",R5V20,1,?,?
"C_RES_TRIPAD_0402-A93549-023,EMPTY,10K,5%,0.0625W,TK0,GENERIC","R9E14,R9E16,R9F30",3,?,?
"C_RES_TRIPAD_0402-A93549-027,EMPTY,100K,5%,0.0625W,TK0,GENERIC",R5V37,1,?,?
"C_RES_TRIPAD_0402-A93549-027,RES,100K,5%,0.0625W,TK0,GENERIC",R4V26,1,?,?
"C_RES_TRIPAD_0402-G21796-296,EMPTY,4.7K,1%,0.0625W,TK0,GENERIC",R2E4,1,?,?
"C_RES_TRIPAD_0603-G22178-002,EMPTY,0,5%,0.1W,TK0,GENERIC","R2W12,R2W54,R5T3,R5T4,R5T7,R5T10,R5T11,R5T13,R6G4,R6V21,R8V8,R9H16",12,?,?
"C_RES_TRIPAD_0603-G22178-002,RES,0,5%,0.1W,TK0,GENERIC","R2W14,R2W51,R5T2,R5T5,R5T6,R5T9,R5T12,R5T14,R6G3,R6V19,R8V10,R9H15",12,?,?
"C_RES_TRIPAD_0603-H31623-007,EMPTY,0,JUMPER,0.5W,TK0,GENERIC","R8E6,R8P10,R8P24",3,?,?
"C_RES_TRIPAD_0603-H31623-007,RES,0,JUMPER,0.5W,TK0,GENERIC","R8P12,R8P25,R9E18",3,?,?
"C_RJ45_SHLD_12P_2LED_2EM_TH-N21905-001,CON,RJ45_SHLD_12P_2LED_2EM_PIP,TK0,GENERIC",J9J1,1,?,?
"C_RT3645BE_01_LCC-N29928-003,IC,RT3645BEN-01A-AAHR045-E3,TK2,GENERIC",EU4B1,1,?,?
"C_RT5795A_LCC-K50057-001,IC,RT5795AGQW,TK0,GENERIC","EU4M1,EU5F2,EU5G1,EU5G2,EU6G1",5,?,?
"C_RT6220_LCC-J95894-001,IC,RT6220AGQUF,TK1,GENERIC","EU1F1,EU6H1,EU7B1,EU8F1,EU8G1",5,?,?
"C_RT8231X_LCC-H41785-001,IC,RT8231AGQW,TK1,GENERIC",EU6U1,1,?,?
"C_RT9078_SOT23-J48134-002,IC,RT9078N-08GJ5,TK0,GENERIC",U1N1,1,?,?
"C_RTQ9684_LCC-N29932-002,EMPTY,RTQ9684N-TA,TK1,GENERIC",U6C1,1,?,?
"C_RTQ9684_LCC-N29932-002,IC,RTQ9684N-TA,TK1,GENERIC","U2C1,U3C1,U3C2,U4C1,U4C2,U5C1-U5C3",8,?,?
"C_SLG55021_LCC-G56246-001,IC,SLG55021-200010V,TK0,GENERIC","EU5A1,EU6B1,EU7C1,EU8B1",4,?,?
"C_SLG5NT1458V_LCC-H10115-001,IC,SLG5NT1458V,TK1,GENERIC","U5A2,U5B1,U5M1,U5V1,U6B2,U6M1,U7F4,U8E1,U8P2,U9J1",10,?,?
"C_SLG5NT1461V_LCC-G54192-002,IC,SLG5NT1461V,TK0,GENERIC","U2M1,U2V2,U4V1,U5J1,U6M3,U7F2,U7F3,U7F5,U7N2,U8B1,U8E3,U8M1,U8P6,U8U1,U9B1",15,?,?
"C_SLG5NT1464V_LCC-H10114-001,IC,SLG5NT1464V,TK1,GENERIC",U2E3,1,?,?
"C_SLG5NT1533V_LCC-H27492-001,IC,SLG5NT1533VTR,TK1,GENERIC","U9P1,U9R3",2,?,?
"C_SLG5NT1757V_LCC-N32472-001,IC,SLG5NT1757VTR,TK1,GENERIC",EU3P1,1,?,?
"C_SLG7NT4084V_LCC-G74376-001,IC,SLG7NT4084VTR,TK0,GENERIC",EU9D2,1,?,?
"C_SLG7NT45962_LCC-G75552-002,IC,SLG7NT45962VTR,TK1,GENERIC",EU9D1,1,?,?
"C_SLG7NT46016_LCC-M96861-001,IC,SLG7NT46016VTR,TK2,GENERIC",U5H1,1,?,?
"C_SLGNT46253_LCC-M31596-007,IC,SLG7NT46253VTR,TK1,GENERIC",U3H2,1,?,?
"C_SMP_1_1EM_SM-D77227-001,EMPTY,SMP_1_1EM,TK0,GENERIC","J2N2,J2P2,J2V1,J3U1,J3V1-J3V3,J4N1,J5U1,J5V2,J6V1",11,?,?
"C_SMP_1_3EM_SM-G42632-002,CON,SMP_1P_3EM,TK0,GENERIC",J9A1,1,?,?
"C_SN74AXC2T245_LCC-M37646-001,IC,SN74AXC2T245RSWR,TK2,GENERIC","U4H2,U9V1",2,?,?
"C_STANDOFF_TH-G75861-001,EMPTY,STANDOFF,TK0,GENERIC",RM9J1,1,?,?
"C_STANDOFF_TH-H18839-001,MTG,STANDOFF,TK0,GENERIC","RM8B1,RM8L1",2,?,?
"C_STANDOFF_TH-M52749-001,EMPTY,STANDOFF,TK0,GENERIC",RM6V1,1,?,?
"C_STANDOFF_TH-M52749-001,MTG,STANDOFF,TK0,GENERIC","RM1A1,RM1B1,RM1C1,RM1D1,RM6W1",5,?,?
"C_SW_SPST_DIP_8P_SM-N28315-001,IC,SW_SPST_DIP_8P,TK0,GENERIC","SW1G1,SW1G2,SW1J1,SW1N1,SW1P1,SW1P2,SW1W1,SW1W2,SW2C1,SW2J1,SW2P1,SW3J1,SW3V1,SW4B1,SW4V1-SW4V3,SW4W1,SW5V1,SW6A1,SW7B1,SW7B2,SW7P1,SW7V1,SW9U1",25,?,?
"C_SW_SPST_PB_4P_SM-672681-002,IC,SW_SPST_PB_4P,TK0,GENERIC","SW8F1-SW8F3,SW8G1,SW8G2",5,?,?
"C_TCSS_MODULE_A_SM-N23242-001,CON,TCSS_MODULE_A,TK0,GENERIC","J2C1,J2D1",2,?,?
"C_THERMISTOR_0402-C98257-004,THERM,47K,1%,100MW,TK0,GENERIC","RT2F1,RT2M1,RT2N1,RT3U1,RT4M1,RT8M1,RT9P1",7,?,?
"C_TMUX1511_LCC-M16838-001,IC,TMUX1511RSVR,TK2,GENERIC","U1R3,U1R4,U2E1,U2E2,U2R1,U2R2",6,?,?
"C_TPS22810_LCC-K33457-002,IC,TPS22810DRVT,TK0,GENERIC","EU1L1,EU4H1",2,?,?
"C_TPS255X_B_LCC-G78426-001,IC,TPS2557DRBT,TK0,GENERIC",U8V2,1,?,?
"C_TPS256X_LCC-G19827-001,IC,TPS2561DRCR,TK0,GENERIC",EU1P1,1,?,?
"C_TPS51219_LCC-G29030-001,IC,TPS51219RTER,TK0,GENERIC",EU4N1,1,?,?
"C_TPS51285X_LCC-G83981-001,IC,TPS51285ARUKT,TK1,GENERIC",EU7H3,1,?,?
"C_TPS51396A_LCC-M33044-002,IC,TPS51396A,TK1,GENERIC",EU4C1,1,?,?
"C_TPS7A02_A_LCC-N47483-001,IC,TPS7A0215DQNR,TK1,GENERIC",EU2E1,1,?,?
"C_TP_SM-NA_TPC20,EMPTY,TPC20,TK0,GENERIC","TP7J1,TP7J2,TP7W1,TP7W2,TP9H2",5,?,?
"C_TP_SM-NA_TPC25,EMPTY,C25,TK0,GENERIC","TP1B1,TP1B2,TP1E1,TP1M2,TP1M10,TP1T1,TP2L1,TP2M1,TP2M2,TP3L1,TP5G1,TP5G2,TP5M1,TP5M2,TP6U1,TP7G1,TP7G2,TP8N1,TP8P1,TP8P2,TP9B1,TP9D2,TP9E1,TP9E2,TP9F1-TP9F5,TP9G1-TP9G5,TP9N1-TP9N5,TP9P1-TP9P4",43,?,?
"C_TP_SM-NA_TPC40T,EMPTY,TPC40,TK0,GENERIC","TP1B3,TP1H1-TP1H4,TP1J1-TP1J5,TP1M1,TP1M3-TP1M9,TP1M11-TP1M19,TP1W1,TP2H1,TP2J1-TP2J7,TP2R1,TP2W1,TP4J1,TP5L1,TP5L2,TP6B1-TP6B5,TP6D1,TP6D2,TP6E1,TP6E2,TP7C1-TP7C5,TP7P1-TP7P3,TP7R1,TP8E1-TP8E3,TP8P3-TP8P5,TP9E3,TP9E4,TP9H1",68,?,?
"C_TP_SM-NA_TPS16,EMPTY,TPS16,TK0,GENERIC","TP1G1,TP1G2,TP4W1,TP5H1,TP5H2,TP6J1,TP6J2,TP9D1",8,?,?
"C_TTL1G04_LCC-G42773-001,IC,SN74AUP1G04DRYR,TK0,GENERIC",U7U1,1,?,?
"C_TTL1G07_TSSOP-G58837-001,IC,74AUP1G07GW,TK0,GENERIC","U1G1,U1W2,U2W1,U2W3,U3L1,U4H1,U4M1,U5M2,U6F1,U6M2,U6V1,U7B2,U8B2,U8D1,U8P3,U8P4,U9D1,U9G1",18,?,?
"C_TTL1G31_SOT457-G42929-001,IC,74LVC1G3157GV,TK0,GENERIC",U2M3,1,?,?
"C_TTL1G97_LCC-G84640-001,IC,SN74AUP1G97DSFR,TK2,GENERIC","U6B1,U9H2,U9W1",3,?,?
"C_TTL1T08_SOT353-5-M98074-001,IC,74LV1T08GW,TK0,GENERIC","U2G1,U2M2,U3H1,U4A2,U6B3,U6F3,U7C2,U7D3,U7F1,U8C1,U8L1,U8P1,U9E1,U9H3",14,?,?
"C_TTL3384_TSSOP-C88163-001,EMPTY,SN74CBTD3384PWRG4,TK0,GENERIC",U7W1,1,?,?
"C_TXS0101_BGA-K35509-001,IC,TXS0101YZPR,TK2,GENERIC","U2B1,U7G1",2,?,?
"C_USB2_SHLD_5P_5EM_SM-E10610-003,CON,USB2_SHLD_5P_5EM,TK0,GENERIC",J8J3,1,?,?
"C_USB3_TYPE_A_9P_4EM_TH-K98491-001,CON,USB3_TYPE_A_9P_4EM,TK0,GENERIC","J1E1,J1G1",2,?,?
"C_USB_C_SHLD_24P_6EM_SM-M34497-001,CON,USB_TYPE_C_24P_6EM,TK0,GENERIC","J9D3,J9F1",2,?,?
"C_XTAL_4P_SMB-D71700-057,XTAL,25MHZ,30PPM,TK0,GENERIC",Y9H1,1,?,?
"C_XTAL_4P_SMB-D71700-094,XTAL,38.4MHZ,20PPM,TK0,GENERIC",Y2E2,1,?,?
"C_XTAL_4P_SMB-G22404-045,XTAL,25MHZ,30PPM,TK0,GENERIC","Y9D1,Y9E1",2,?,?
"C_XTAL_SM-C13544-021,XTAL,32.768 KHZ,20%,TK0,GENERIC",Y2E1,1,?,?
"C_XTAL_SM-C13544-024,XTAL,32.768KHZ,20%,TK0,GENERIC",Y1J1,1,?,?
SHORTING_RES_ETCH-NONE_0402,"R2L18,R2L19,R3A5,R3A6",4,?,?
"SHUNT_0201-EMPTY,PMR","SH4B1,SH4N1",2,?,?
TOTAL, ,6232, ,0.000
